TN:
SF:src\App.vue
FNF:0
FNH:0
DA:1,1
DA:2,1
LF:2
LH:2
BRF:0
BRH:0
end_of_record
TN:
SF:src\components\EssentialLink.vue
FNF:0
FNH:0
DA:1,1
DA:2,1
DA:3,1
DA:4,1
DA:5,1
DA:6,1
DA:8,1
DA:9,1
DA:10,1
DA:12,1
DA:13,1
DA:15,1
DA:16,1
DA:17,1
DA:18,1
DA:19,1
DA:28,1
LF:17
LH:17
BRDA:12,0,0,3
BRDA:16,1,0,21
BRDA:17,2,0,21
BRF:3
BRH:3
end_of_record
TN:
SF:src\components\ExampleComponent.vue
FN:31,increment
FNF:1
FNH:1
FNDA:7,increment
DA:1,1
DA:2,1
DA:3,1
DA:4,1
DA:5,1
DA:6,1
DA:7,1
DA:8,1
DA:9,1
DA:10,1
DA:11,1
DA:12,1
DA:16,1
DA:24,1
DA:26,1
DA:30,1
DA:31,7
DA:32,7
DA:33,7
DA:34,7
DA:36,1
LF:21
LH:21
BRDA:31,0,0,7
BRDA:36,1,0,26
BRDA:10,2,0,32
BRDA:10,3,0,1
BRF:4
BRH:4
end_of_record
TN:
SF:src\components\models.ts
FN:1,(empty-report)
FNF:1
FNH:0
FNDA:0,(empty-report)
DA:1,0
DA:2,0
DA:3,0
DA:4,0
DA:5,0
DA:6,0
DA:7,0
DA:8,0
LF:8
LH:0
BRDA:1,0,0,0
BRF:1
BRH:0
end_of_record
TN:
SF:src\components\scenarios\AttachmentsDialog.vue
FN:193,get
FN:194,set
FN:198,loadEvidences
FN:211,uploadFile
FN:241,onFileRejected
FN:249,previewFile
FN:254,downloadFile
FN:261,deleteEvidence
FN:278,getFileIcon
FN:286,getFileColor
FN:294,formatFileSize
FN:302,getExecutionStatusColor
FN:311,getExecutionStatusLabel
FN:2,__vite_ssr_import_4__.createBlock.onUpdate:modelValue._cache.<computed>._cache.<computed>
FN:17,__vite_ssr_import_4__.createElementVNode.__vite_ssr_import_4__.createVNode.onUpdate:modelValue._cache.<computed>._cache.<computed>
FN:79,onClick
FN:89,onClick
FN:100,onClick
FNF:18
FNH:12
FNDA:15,get
FNDA:0,set
FNDA:16,loadEvidences
FNDA:2,uploadFile
FNDA:1,onFileRejected
FNDA:1,previewFile
FNDA:1,downloadFile
FNDA:1,deleteEvidence
FNDA:9,getFileIcon
FNDA:9,getFileColor
FNDA:1,formatFileSize
FNDA:4,getExecutionStatusColor
FNDA:4,getExecutionStatusLabel
FNDA:0,__vite_ssr_import_4__.createBlock.onUpdate:modelValue._cache.<computed>._cache.<computed>
FNDA:0,__vite_ssr_import_4__.createElementVNode.__vite_ssr_import_4__.createVNode.onUpdate:modelValue._cache.<computed>._cache.<computed>
FNDA:0,onClick
FNDA:0,onClick
FNDA:0,onClick
DA:1,1
DA:2,1
DA:3,1
DA:4,1
DA:5,1
DA:6,1
DA:7,1
DA:8,1
DA:9,1
DA:10,1
DA:12,1
DA:13,1
DA:14,1
DA:15,1
DA:16,1
DA:17,1
DA:18,1
DA:19,1
DA:20,1
DA:21,1
DA:22,1
DA:24,1
DA:25,1
DA:27,1
DA:29,1
DA:31,1
DA:33,1
DA:35,1
DA:36,1
DA:37,3
DA:38,3
DA:39,3
DA:40,3
DA:41,3
DA:42,1
DA:43,1
DA:45,1
DA:46,1
DA:47,1
DA:49,1
DA:50,1
DA:51,1
DA:52,1
DA:53,1
DA:55,1
DA:56,1
DA:57,1
DA:58,1
DA:59,1
DA:60,1
DA:61,1
DA:63,1
DA:64,1
DA:65,1
DA:66,1
DA:67,1
DA:68,1
DA:69,1
DA:70,1
DA:72,1
DA:73,1
DA:74,1
DA:75,1
DA:76,1
DA:77,1
DA:78,1
DA:79,1
DA:81,1
DA:82,1
DA:84,1
DA:85,1
DA:86,1
DA:87,1
DA:88,1
DA:89,1
DA:91,1
DA:92,1
DA:94,1
DA:95,1
DA:96,1
DA:97,1
DA:98,1
DA:99,1
DA:100,1
DA:102,1
DA:103,1
DA:104,1
DA:105,1
DA:106,1
DA:107,1
DA:109,1
DA:110,1
DA:111,14
DA:113,14
DA:114,1
DA:115,1
DA:117,1
DA:118,1
DA:119,1
DA:120,1
DA:121,1
DA:122,1
DA:123,1
DA:124,1
DA:126,1
DA:127,1
DA:128,1
DA:129,1
DA:130,1
DA:131,1
DA:132,1
DA:133,1
DA:134,1
DA:135,1
DA:136,1
DA:137,1
DA:138,1
DA:139,1
DA:141,1
DA:142,1
DA:143,1
DA:144,1
DA:145,1
DA:146,1
DA:147,1
DA:148,1
DA:149,1
DA:150,1
DA:151,1
DA:152,1
DA:153,1
DA:154,1
DA:155,1
DA:156,1
DA:157,1
DA:158,1
DA:160,1
DA:161,1
DA:162,1
DA:163,1
DA:164,1
DA:168,1
DA:169,1
DA:170,1
DA:182,1
DA:183,1
DA:186,1
DA:187,1
DA:188,1
DA:189,1
DA:192,1
DA:193,1
DA:194,1
DA:195,1
DA:198,1
DA:199,16
DA:201,16
DA:202,16
DA:203,16
DA:204,16
DA:205,16
DA:206,16
DA:207,2
DA:208,2
DA:209,16
DA:211,1
DA:212,2
DA:214,2
DA:215,2
DA:216,2
DA:218,1
DA:219,1
DA:220,1
DA:221,1
DA:223,1
DA:224,1
DA:225,1
DA:226,1
DA:227,1
DA:228,1
DA:229,1
DA:230,1
DA:231,1
DA:232,2
DA:233,2
DA:234,2
DA:235,2
DA:241,1
DA:242,1
DA:243,1
DA:244,1
DA:245,1
DA:246,1
DA:247,1
DA:249,1
DA:251,1
DA:252,1
DA:254,1
DA:255,1
DA:256,1
DA:257,1
DA:258,1
DA:259,1
DA:261,1
DA:262,1
DA:263,1
DA:265,1
DA:266,1
DA:267,1
DA:268,1
DA:269,1
DA:270,1
DA:271,1
DA:272,1
DA:273,1
DA:274,1
DA:275,1
DA:276,1
DA:278,1
DA:279,9
DA:280,9
DA:281,9
DA:282,9
DA:283,1
DA:284,9
DA:286,1
DA:287,9
DA:288,9
DA:289,9
DA:290,9
DA:291,1
DA:292,9
DA:294,1
DA:295,1
DA:296,1
DA:297,1
DA:298,1
DA:299,1
DA:300,1
DA:302,1
DA:303,4
DA:304,4
DA:305,4
DA:306,4
DA:307,4
DA:308,4
DA:309,4
DA:311,1
DA:312,4
DA:313,4
DA:314,4
DA:315,4
DA:316,4
DA:317,4
DA:318,4
DA:321,1
DA:322,1
DA:323,1
DA:324,1
DA:325,1
DA:327,1
DA:328,1
DA:329,1
DA:330,1
DA:331,1
DA:334,1
DA:335,14
DA:336,13
DA:337,13
DA:338,1
LF:270
LH:270
BRDA:193,0,0,15
BRDA:198,1,0,16
BRDA:199,2,0,0
BRDA:203,3,0,0
BRDA:204,4,0,14
BRDA:206,5,0,2
BRDA:211,6,0,2
BRDA:212,7,0,0
BRDA:216,8,0,1
BRDA:241,9,0,1
BRDA:242,10,0,2
BRDA:249,11,0,1
BRDA:254,12,0,1
BRDA:261,13,0,1
BRDA:278,14,0,9
BRDA:279,15,0,3
BRDA:279,16,0,6
BRDA:280,17,0,1
BRDA:280,18,0,5
BRDA:281,19,0,2
BRDA:281,20,0,3
BRDA:282,21,0,2
BRDA:282,22,0,1
BRDA:286,23,0,9
BRDA:287,24,0,3
BRDA:287,25,0,6
BRDA:288,26,0,1
BRDA:288,27,0,5
BRDA:289,28,0,2
BRDA:289,29,0,3
BRDA:290,30,0,2
BRDA:290,31,0,1
BRDA:294,32,0,1
BRDA:295,33,0,0
BRDA:302,34,0,4
BRDA:308,35,0,1
BRDA:311,36,0,4
BRDA:317,37,0,1
BRDA:321,38,0,15
BRDA:321,39,0,1
BRDA:327,40,0,15
BRDA:327,41,0,1
BRDA:334,42,0,14
BRDA:335,43,0,13
BRDA:2,44,0,14
BRDA:17,45,0,14
BRDA:36,46,0,3
BRDA:41,47,0,29
BRDA:49,48,0,1
BRDA:25,49,0,17
BRDA:64,50,0,1
BRDA:66,51,0,1
BRDA:81,52,0,1
BRDA:91,53,0,1
BRDA:102,54,0,1
BRDA:110,55,0,14
BRF:56
BRH:52
end_of_record
TN:
SF:src\components\scenarios\ExecutionDialog.vue
FN:167,get
FN:168,set
FN:179,resetForm
FN:188,initializeStepResults
FN:195,onExecute
FN:2,__vite_ssr_import_4__.createBlock.onUpdate:modelValue._cache.<computed>._cache.<computed>
FN:49,onUpdate:modelValue
FN:56,onUpdate:modelValue
FN:72,__vite_ssr_import_4__.createElementVNode.__vite_ssr_import_4__.createVNode.onUpdate:modelValue._cache.<computed>._cache.<computed>
FN:77,__vite_ssr_import_4__.createElementVNode.__vite_ssr_import_4__.createVNode.rules
FN:85,__vite_ssr_import_4__.createElementVNode.__vite_ssr_import_4__.createVNode.onUpdate:modelValue._cache.<computed>._cache.<computed>
FNF:11
FNH:5
FNDA:18,get
FNDA:5,set
FNDA:19,resetForm
FNDA:18,initializeStepResults
FNDA:7,onExecute
FNDA:0,__vite_ssr_import_4__.createBlock.onUpdate:modelValue._cache.<computed>._cache.<computed>
FNDA:0,onUpdate:modelValue
FNDA:0,onUpdate:modelValue
FNDA:0,__vite_ssr_import_4__.createElementVNode.__vite_ssr_import_4__.createVNode.onUpdate:modelValue._cache.<computed>._cache.<computed>
FNDA:0,__vite_ssr_import_4__.createElementVNode.__vite_ssr_import_4__.createVNode.rules
FNDA:0,__vite_ssr_import_4__.createElementVNode.__vite_ssr_import_4__.createVNode.onUpdate:modelValue._cache.<computed>._cache.<computed>
DA:1,1
DA:2,1
DA:3,1
DA:4,1
DA:5,1
DA:6,1
DA:7,1
DA:8,1
DA:9,1
DA:10,1
DA:12,1
DA:13,1
DA:14,1
DA:15,1
DA:16,1
DA:17,1
DA:18,1
DA:19,1
DA:20,1
DA:21,1
DA:23,1
DA:24,1
DA:25,1
DA:26,1
DA:27,1
DA:28,1
DA:29,1
DA:31,1
DA:32,2
DA:33,2
DA:34,1
DA:36,1
DA:37,2
DA:38,2
DA:39,1
DA:41,1
DA:42,1
DA:43,1
DA:44,1
DA:45,1
DA:47,1
DA:48,1
DA:49,1
DA:50,1
DA:51,1
DA:52,1
DA:54,1
DA:55,1
DA:56,1
DA:57,1
DA:58,1
DA:59,1
DA:60,1
DA:61,1
DA:62,1
DA:63,1
DA:64,1
DA:65,1
DA:66,1
DA:68,1
DA:69,1
DA:70,1
DA:71,1
DA:72,1
DA:73,1
DA:74,1
DA:75,1
DA:76,1
DA:77,1
DA:78,1
DA:79,1
DA:80,1
DA:82,1
DA:83,1
DA:84,1
DA:85,1
DA:86,1
DA:87,1
DA:88,1
DA:89,1
DA:90,1
DA:91,1
DA:92,1
DA:94,1
DA:95,1
DA:96,1
DA:97,1
DA:98,1
DA:99,1
DA:100,1
DA:101,1
DA:102,1
DA:103,1
DA:104,1
DA:105,1
DA:106,1
DA:107,1
DA:108,1
DA:109,1
DA:110,1
DA:111,1
DA:112,1
DA:113,1
DA:114,1
DA:115,1
DA:116,1
DA:117,1
DA:118,1
DA:119,1
DA:120,1
DA:121,1
DA:123,1
DA:124,1
DA:125,1
DA:126,1
DA:127,1
DA:128,1
DA:129,1
DA:130,1
DA:131,1
DA:132,1
DA:133,1
DA:134,1
DA:138,1
DA:139,1
DA:140,1
DA:152,1
DA:153,1
DA:156,1
DA:157,1
DA:158,1
DA:160,1
DA:161,1
DA:162,1
DA:163,1
DA:166,1
DA:167,1
DA:168,1
DA:169,1
DA:172,1
DA:173,1
DA:174,1
DA:175,1
DA:176,1
DA:179,1
DA:180,19
DA:181,19
DA:182,19
DA:183,19
DA:184,19
DA:185,19
DA:186,19
DA:188,1
DA:189,18
DA:190,18
DA:191,18
DA:192,18
DA:193,18
DA:195,1
DA:196,7
DA:197,7
DA:200,7
DA:201,7
DA:202,1
DA:203,1
DA:204,1
DA:205,1
DA:206,1
DA:207,1
DA:210,7
DA:213,7
DA:214,7
DA:215,7
DA:217,7
DA:218,3
DA:219,3
DA:220,3
DA:221,3
DA:222,3
DA:223,3
DA:224,2
DA:225,2
DA:226,3
DA:227,3
DA:228,3
DA:229,3
DA:232,6
DA:233,6
DA:234,6
DA:235,6
DA:237,5
DA:238,5
DA:239,5
DA:240,5
DA:242,5
DA:243,5
DA:244,7
DA:245,1
DA:246,1
DA:247,1
DA:248,1
DA:249,1
DA:250,7
DA:251,7
DA:252,7
DA:253,7
DA:256,1
DA:257,1
DA:258,1
DA:259,1
DA:260,1
DA:261,1
DA:263,1
DA:264,1
DA:265,1
DA:266,1
DA:267,1
DA:268,1
DA:271,1
DA:272,17
DA:273,16
DA:274,16
DA:275,16
DA:276,1
LF:224
LH:224
BRDA:167,0,0,18
BRDA:168,1,0,5
BRDA:179,2,0,19
BRDA:188,3,0,18
BRDA:195,4,0,7
BRDA:201,5,0,1
BRDA:207,6,0,6
BRDA:210,7,0,1
BRDA:217,8,0,3
BRDA:229,9,0,6
BRDA:235,10,0,5
BRDA:244,11,0,1
BRDA:250,12,0,6
BRDA:200,13,0,14
BRDA:214,14,0,12
BRDA:215,15,0,12
BRDA:219,16,0,3
BRDA:222,17,0,1
BRDA:223,18,0,2
BRDA:256,19,0,18
BRDA:256,20,0,1
BRDA:263,21,0,18
BRDA:263,22,0,1
BRDA:271,23,0,17
BRDA:272,24,0,16
BRDA:2,25,0,17
BRDA:72,26,0,17
BRDA:85,27,0,17
BRDA:19,28,0,5
BRDA:31,29,0,2
BRDA:33,30,0,73
BRDA:36,31,0,2
BRDA:38,32,0,73
BRDA:50,33,0,12
BRF:34
BRH:34
end_of_record
TN:
SF:src\components\scenarios\MemberOptionItem.vue
FNF:0
FNH:0
DA:1,1
DA:2,1
DA:3,1
DA:4,1
DA:5,1
DA:6,1
DA:7,1
DA:8,1
DA:9,1
DA:10,1
DA:11,1
DA:12,1
DA:16,1
LF:13
LH:13
BRF:0
BRH:0
end_of_record
TN:
SF:src\components\scenarios\ScenarioDialog.vue
FN:217,get
FN:218,set
FN:224,createMemberOptions
FN:258,createRequiredRule
FN:264,nameRules
FN:265,nameRules
FN:266,nameRules
FN:275,closeDialog
FN:281,resetForm
FN:292,loadScenarioData
FN:307,loadMembers
FN:331,loadPackageType
FN:349,onSubmit
FN:2,__vite_ssr_import_8__.createBlock.onUpdate:modelValue._cache.<computed>._cache.<computed>
FNF:14
FNH:7
FNDA:17,get
FNDA:5,set
FNDA:0,createMemberOptions
FNDA:68,createRequiredRule
FNDA:0,nameRules
FNDA:0,nameRules
FNDA:0,nameRules
FNDA:0,closeDialog
FNDA:1,resetForm
FNDA:0,loadScenarioData
FNDA:3,loadMembers
FNDA:1,loadPackageType
FNDA:7,onSubmit
FNDA:0,__vite_ssr_import_8__.createBlock.onUpdate:modelValue._cache.<computed>._cache.<computed>
DA:1,1
DA:2,1
DA:3,1
DA:4,1
DA:5,1
DA:6,1
DA:7,1
DA:8,1
DA:9,1
DA:10,1
DA:11,1
DA:12,1
DA:13,1
DA:14,1
DA:15,1
DA:16,1
DA:17,1
DA:18,1
DA:19,1
DA:20,1
DA:21,1
DA:22,1
DA:24,1
DA:25,1
DA:26,1
DA:27,1
DA:28,1
DA:29,1
DA:30,1
DA:32,1
DA:33,1
DA:34,1
DA:35,1
DA:36,1
DA:37,1
DA:38,1
DA:39,1
DA:40,1
DA:41,1
DA:43,1
DA:44,1
DA:45,1
DA:46,1
DA:48,1
DA:49,1
DA:50,1
DA:51,1
DA:52,1
DA:53,1
DA:54,1
DA:55,1
DA:56,1
DA:57,1
DA:58,1
DA:60,1
DA:61,1
DA:62,1
DA:63,1
DA:65,1
DA:66,1
DA:67,1
DA:68,1
DA:69,1
DA:70,1
DA:71,1
DA:72,1
DA:73,1
DA:74,1
DA:76,1
DA:77,1
DA:79,1
DA:80,1
DA:82,1
DA:83,1
DA:85,1
DA:86,1
DA:87,1
DA:88,1
DA:90,1
DA:91,1
DA:92,1
DA:93,1
DA:94,1
DA:95,1
DA:96,1
DA:97,1
DA:98,1
DA:99,1
DA:101,1
DA:102,1
DA:104,1
DA:105,1
DA:107,1
DA:108,1
DA:109,1
DA:110,1
DA:112,1
DA:113,1
DA:114,1
DA:115,1
DA:116,1
DA:117,1
DA:118,1
DA:119,1
DA:120,1
DA:121,1
DA:123,1
DA:124,1
DA:126,1
DA:127,1
DA:129,1
DA:130,1
DA:131,1
DA:132,1
DA:134,1
DA:135,1
DA:136,1
DA:137,1
DA:138,1
DA:139,1
DA:140,1
DA:141,1
DA:142,1
DA:143,1
DA:145,1
DA:146,1
DA:148,1
DA:149,1
DA:151,1
DA:152,1
DA:153,1
DA:154,1
DA:156,1
DA:157,1
DA:158,1
DA:159,1
DA:160,1
DA:161,1
DA:162,1
DA:163,1
DA:164,1
DA:165,1
DA:166,1
DA:167,1
DA:168,1
DA:169,1
DA:170,1
DA:171,1
DA:172,1
DA:173,1
DA:177,1
DA:178,1
DA:179,1
DA:180,1
DA:181,1
DA:182,1
DA:183,1
DA:196,1
DA:197,1
DA:198,1
DA:201,1
DA:202,1
DA:203,1
DA:206,1
DA:207,1
DA:208,1
DA:209,1
DA:210,1
DA:211,1
DA:212,1
DA:213,1
DA:216,1
DA:217,1
DA:218,1
DA:219,1
DA:221,1
DA:224,1
DA:225,0
DA:226,0
DA:227,0
DA:228,0
DA:229,0
DA:230,0
DA:231,0
DA:232,0
DA:233,0
DA:234,0
DA:235,0
DA:238,1
DA:241,1
DA:243,1
DA:244,1
DA:245,1
DA:246,1
DA:247,1
DA:248,1
DA:250,1
DA:251,1
DA:252,1
DA:253,1
DA:254,1
DA:255,1
DA:258,1
DA:259,68
DA:260,68
DA:263,1
DA:264,1
DA:265,1
DA:266,1
DA:267,1
DA:269,1
DA:270,1
DA:271,1
DA:272,1
DA:275,0
DA:276,0
DA:277,0
DA:281,1
DA:282,1
DA:283,1
DA:284,1
DA:285,1
DA:286,1
DA:287,1
DA:288,1
DA:289,1
DA:290,1
DA:292,1
DA:293,0
DA:294,0
DA:295,0
DA:296,0
DA:297,0
DA:298,0
DA:299,0
DA:300,0
DA:301,0
DA:302,0
DA:303,0
DA:304,0
DA:305,0
DA:307,1
DA:308,3
DA:309,3
DA:310,3
DA:312,3
DA:313,3
DA:316,3
DA:317,3
DA:318,3
DA:319,3
DA:320,3
DA:321,3
DA:322,3
DA:323,0
DA:324,0
DA:325,0
DA:326,0
DA:327,0
DA:328,0
DA:329,3
DA:331,1
DA:332,1
DA:333,1
DA:334,1
DA:336,1
DA:337,1
DA:340,1
DA:341,1
DA:342,1
DA:343,1
DA:344,1
DA:345,0
DA:346,0
DA:347,1
DA:349,1
DA:350,7
DA:351,7
DA:354,7
DA:355,1
DA:356,1
DA:357,1
DA:358,1
DA:359,1
DA:360,1
DA:364,7
DA:365,2
DA:366,2
DA:367,2
DA:368,1
DA:369,1
DA:370,1
DA:371,1
DA:372,1
DA:373,1
DA:374,2
DA:376,5
DA:379,5
DA:380,5
DA:381,7
DA:382,7
DA:383,7
DA:384,7
DA:385,7
DA:386,7
DA:387,7
DA:388,7
DA:389,7
DA:391,7
DA:393,1
DA:394,1
DA:395,1
DA:396,1
DA:397,1
DA:398,1
DA:399,1
DA:400,1
DA:401,1
DA:402,1
DA:403,1
DA:404,1
DA:405,1
DA:406,7
DA:408,4
DA:409,4
DA:410,4
DA:411,4
DA:412,4
DA:413,4
DA:414,4
DA:415,4
DA:416,4
DA:417,4
DA:418,4
DA:420,4
DA:421,1
DA:422,1
DA:423,1
DA:425,2
DA:426,2
DA:427,2
DA:428,2
DA:429,2
DA:431,3
DA:432,3
DA:433,7
DA:434,2
DA:435,2
DA:436,2
DA:437,2
DA:438,2
DA:439,7
DA:440,7
DA:441,7
DA:442,7
DA:445,1
DA:446,0
DA:447,0
DA:448,0
DA:449,0
DA:450,0
DA:451,1
DA:453,1
DA:454,0
DA:455,0
DA:456,0
DA:457,1
DA:460,1
DA:461,17
DA:462,0
DA:463,0
DA:464,0
DA:465,0
DA:466,1
LF:374
LH:327
BRDA:217,0,0,17
BRDA:218,1,0,5
BRDA:221,2,0,10
BRDA:258,3,0,68
BRDA:281,4,0,1
BRDA:307,5,0,3
BRDA:322,6,0,0
BRDA:316,7,0,3
BRDA:331,8,0,1
BRDA:344,9,0,0
BRDA:349,10,0,7
BRDA:354,11,0,6
BRDA:354,12,0,6
BRDA:354,13,0,6
BRDA:354,14,0,6
BRDA:354,15,0,1
BRDA:360,16,0,6
BRDA:364,17,0,2
BRDA:367,18,0,1
BRDA:374,19,0,5
BRDA:381,20,0,1
BRDA:391,21,0,1
BRDA:391,22,0,1
BRDA:406,23,0,4
BRDA:418,24,0,3
BRDA:420,25,0,1
BRDA:422,26,0,0
BRDA:423,27,0,2
BRDA:429,28,0,3
BRDA:433,29,0,2
BRDA:439,30,0,5
BRDA:365,31,0,3
BRDA:445,32,0,17
BRDA:453,33,0,17
BRDA:460,34,0,17
BRDA:461,35,0,0
BRF:36
BRH:32
end_of_record
TN:
SF:src\layouts\MainLayout.vue
FNF:0
FNH:0
DA:1,1
DA:2,1
DA:3,1
DA:5,1
DA:6,1
DA:7,1
DA:8,1
LF:7
LH:7
BRF:0
BRH:0
end_of_record
TN:
SF:src\pages\CreatePackage.vue
FN:302,dateOptions
FN:311,onDateSelected
FN:317,loadProjectData
FN:366,updateTags
FN:374,removeTag
FN:379,goBack
FN:383,openCreateReleaseDialog
FN:388,createNewRelease
FN:426,cancelCreateRelease
FN:431,onSubmit
FN:35,__vite_ssr_import_8__.createElementVNode.__vite_ssr_import_8__.createElementVNode.__vite_ssr_import_8__.createVNode.onUpdate:modelValue._cache.<computed>._cache.<computed>
FN:49,__vite_ssr_import_8__.createElementVNode.__vite_ssr_import_8__.createElementVNode.__vite_ssr_import_8__.createVNode.onUpdate:modelValue._cache.<computed>._cache.<computed>
FN:65,__vite_ssr_import_8__.createElementVNode.__vite_ssr_import_8__.createElementVNode.__vite_ssr_import_8__.createElementVNode.__vite_ssr_import_8__.createVNode.onUpdate:modelValue._cache.<computed>._cache.<computed>
FN:77,__vite_ssr_import_8__.createElementVNode.__vite_ssr_import_8__.createElementVNode.__vite_ssr_import_8__.createElementVNode.__vite_ssr_import_8__.createVNode.onUpdate:modelValue._cache.<computed>._cache.<computed>
FN:92,__vite_ssr_import_8__.createElementVNode.__vite_ssr_import_8__.createElementVNode.__vite_ssr_import_8__.createElementVNode.__vite_ssr_import_8__.createVNode.onUpdate:modelValue._cache.<computed>._cache.<computed>
FN:104,__vite_ssr_import_8__.createElementVNode.__vite_ssr_import_8__.createElementVNode.__vite_ssr_import_8__.createElementVNode.__vite_ssr_import_8__.createElementVNode.__vite_ssr_import_8__.createVNode.onUpdate:modelValue._cache.<computed>._cache.<computed>
FN:130,__vite_ssr_import_8__.createElementVNode.__vite_ssr_import_8__.createElementVNode.__vite_ssr_import_8__.createVNode.onUpdate:modelValue._cache.<computed>._cache.<computed>
FN:145,__vite_ssr_import_8__.createElementVNode.__vite_ssr_import_8__.createElementVNode.__vite_ssr_import_8__.createVNode.onUpdate:modelValue._cache.<computed>._cache.<computed>
FN:161,onRemove
FN:190,__vite_ssr_import_8__.createElementBlock.__vite_ssr_import_8__.createVNode.onUpdate:modelValue._cache.<computed>._cache.<computed>
FN:198,__vite_ssr_import_8__.createVNode.onUpdate:modelValue._cache.<computed>._cache.<computed>
FN:206,__vite_ssr_import_8__.createVNode.onClick._cache.<computed>._cache.<computed>
FNF:22
FNH:11
FNDA:3,dateOptions
FNDA:1,onDateSelected
FNDA:29,loadProjectData
FNDA:1,updateTags
FNDA:1,removeTag
FNDA:1,goBack
FNDA:1,openCreateReleaseDialog
FNDA:4,createNewRelease
FNDA:1,cancelCreateRelease
FNDA:17,onSubmit
FNDA:0,__vite_ssr_import_8__.createElementVNode.__vite_ssr_import_8__.createElementVNode.__vite_ssr_import_8__.createVNode.onUpdate:modelValue._cache.<computed>._cache.<computed>
FNDA:1,__vite_ssr_import_8__.createElementVNode.__vite_ssr_import_8__.createElementVNode.__vite_ssr_import_8__.createVNode.onUpdate:modelValue._cache.<computed>._cache.<computed>
FNDA:0,__vite_ssr_import_8__.createElementVNode.__vite_ssr_import_8__.createElementVNode.__vite_ssr_import_8__.createElementVNode.__vite_ssr_import_8__.createVNode.onUpdate:modelValue._cache.<computed>._cache.<computed>
FNDA:0,__vite_ssr_import_8__.createElementVNode.__vite_ssr_import_8__.createElementVNode.__vite_ssr_import_8__.createElementVNode.__vite_ssr_import_8__.createVNode.onUpdate:modelValue._cache.<computed>._cache.<computed>
FNDA:0,__vite_ssr_import_8__.createElementVNode.__vite_ssr_import_8__.createElementVNode.__vite_ssr_import_8__.createElementVNode.__vite_ssr_import_8__.createVNode.onUpdate:modelValue._cache.<computed>._cache.<computed>
FNDA:0,__vite_ssr_import_8__.createElementVNode.__vite_ssr_import_8__.createElementVNode.__vite_ssr_import_8__.createElementVNode.__vite_ssr_import_8__.createElementVNode.__vite_ssr_import_8__.createVNode.onUpdate:modelValue._cache.<computed>._cache.<computed>
FNDA:0,__vite_ssr_import_8__.createElementVNode.__vite_ssr_import_8__.createElementVNode.__vite_ssr_import_8__.createVNode.onUpdate:modelValue._cache.<computed>._cache.<computed>
FNDA:0,__vite_ssr_import_8__.createElementVNode.__vite_ssr_import_8__.createElementVNode.__vite_ssr_import_8__.createVNode.onUpdate:modelValue._cache.<computed>._cache.<computed>
FNDA:0,onRemove
FNDA:0,__vite_ssr_import_8__.createElementBlock.__vite_ssr_import_8__.createVNode.onUpdate:modelValue._cache.<computed>._cache.<computed>
FNDA:0,__vite_ssr_import_8__.createVNode.onUpdate:modelValue._cache.<computed>._cache.<computed>
FNDA:0,__vite_ssr_import_8__.createVNode.onClick._cache.<computed>._cache.<computed>
DA:1,1
DA:2,1
DA:3,1
DA:4,1
DA:5,1
DA:6,1
DA:7,1
DA:8,1
DA:9,1
DA:10,1
DA:11,1
DA:12,1
DA:13,1
DA:14,1
DA:15,1
DA:16,1
DA:17,1
DA:18,1
DA:19,1
DA:20,1
DA:21,1
DA:22,1
DA:23,1
DA:24,1
DA:26,1
DA:27,1
DA:28,1
DA:29,1
DA:30,1
DA:31,1
DA:33,1
DA:34,1
DA:35,1
DA:36,1
DA:37,1
DA:38,1
DA:39,1
DA:40,1
DA:41,1
DA:42,1
DA:43,1
DA:44,1
DA:45,1
DA:47,1
DA:48,1
DA:49,1
DA:50,1
DA:51,1
DA:52,1
DA:53,1
DA:54,1
DA:55,1
DA:56,1
DA:57,1
DA:58,1
DA:59,1
DA:60,1
DA:62,1
DA:63,1
DA:64,1
DA:65,1
DA:66,1
DA:67,1
DA:68,1
DA:69,1
DA:70,1
DA:71,1
DA:72,1
DA:73,1
DA:74,1
DA:75,1
DA:76,1
DA:77,1
DA:78,1
DA:79,1
DA:80,1
DA:81,1
DA:82,1
DA:83,1
DA:84,1
DA:85,1
DA:86,1
DA:87,1
DA:89,1
DA:90,1
DA:91,1
DA:92,1
DA:93,1
DA:94,1
DA:95,1
DA:96,1
DA:97,1
DA:98,1
DA:99,1
DA:100,1
DA:101,1
DA:102,1
DA:103,1
DA:104,1
DA:105,1
DA:106,1
DA:107,1
DA:108,1
DA:109,1
DA:110,1
DA:111,1
DA:112,1
DA:113,1
DA:114,1
DA:115,1
DA:116,1
DA:117,1
DA:118,1
DA:119,1
DA:120,1
DA:121,1
DA:122,1
DA:123,1
DA:124,1
DA:125,1
DA:126,1
DA:128,1
DA:129,1
DA:130,1
DA:131,1
DA:132,1
DA:133,1
DA:134,1
DA:135,1
DA:136,1
DA:137,1
DA:138,1
DA:139,1
DA:140,1
DA:141,1
DA:143,1
DA:144,1
DA:145,1
DA:146,1
DA:147,1
DA:148,1
DA:149,1
DA:150,1
DA:151,1
DA:152,1
DA:153,1
DA:154,1
DA:155,1
DA:156,1
DA:157,1
DA:158,1
DA:159,1
DA:160,1
DA:161,1
DA:162,1
DA:163,1
DA:164,1
DA:165,1
DA:166,1
DA:167,1
DA:168,1
DA:170,1
DA:171,1
DA:172,1
DA:173,1
DA:174,1
DA:175,1
DA:176,1
DA:177,1
DA:178,1
DA:179,1
DA:180,1
DA:181,1
DA:182,1
DA:183,1
DA:184,1
DA:185,1
DA:186,1
DA:187,1
DA:189,1
DA:190,1
DA:191,1
DA:192,1
DA:193,1
DA:194,1
DA:196,1
DA:197,1
DA:198,1
DA:199,1
DA:200,1
DA:201,1
DA:202,1
DA:203,1
DA:204,1
DA:205,1
DA:206,1
DA:207,1
DA:209,1
DA:210,1
DA:211,1
DA:212,1
DA:213,1
DA:214,1
DA:215,1
DA:216,1
DA:218,1
DA:219,1
DA:220,1
DA:221,1
DA:222,1
DA:223,1
DA:225,1
DA:226,1
DA:228,1
DA:229,1
DA:230,1
DA:231,1
DA:232,1
DA:233,1
DA:234,1
DA:235,1
DA:236,1
DA:237,1
DA:238,1
DA:239,1
DA:240,1
DA:241,1
DA:242,1
DA:243,1
DA:244,1
DA:245,1
DA:249,1
DA:250,1
DA:251,1
DA:252,1
DA:253,1
DA:254,1
DA:255,1
DA:257,1
DA:258,1
DA:259,1
DA:261,1
DA:262,1
DA:265,1
DA:266,1
DA:267,1
DA:268,1
DA:269,1
DA:270,1
DA:271,1
DA:272,1
DA:273,1
DA:274,1
DA:276,1
DA:279,1
DA:280,1
DA:283,1
DA:284,1
DA:285,1
DA:286,1
DA:289,1
DA:290,1
DA:291,1
DA:294,1
DA:295,58
DA:296,22
DA:297,22
DA:298,58
DA:299,1
DA:302,1
DA:303,3
DA:304,3
DA:305,3
DA:306,3
DA:307,3
DA:308,3
DA:311,1
DA:312,1
DA:313,1
DA:314,1
DA:317,1
DA:318,29
DA:319,29
DA:320,29
DA:321,29
DA:322,29
DA:323,29
DA:325,29
DA:326,1
DA:327,1
DA:330,28
DA:331,28
DA:332,28
DA:333,28
DA:335,27
DA:344,27
DA:345,27
DA:346,27
DA:347,15
DA:348,15
DA:349,13
DA:350,15
DA:351,15
DA:352,15
DA:353,27
DA:354,27
DA:355,29
DA:356,2
DA:357,2
DA:358,2
DA:359,2
DA:360,2
DA:361,29
DA:362,29
DA:363,29
DA:364,29
DA:366,1
DA:367,1
DA:368,1
DA:369,1
DA:370,1
DA:371,1
DA:372,1
DA:374,1
DA:375,1
DA:376,1
DA:377,1
DA:379,1
DA:380,1
DA:381,1
DA:383,1
DA:384,1
DA:385,1
DA:386,1
DA:388,1
DA:389,4
DA:390,1
DA:391,1
DA:392,1
DA:393,1
DA:394,1
DA:395,1
DA:397,3
DA:398,3
DA:401,3
DA:402,4
DA:405,4
DA:408,4
DA:409,4
DA:411,4
DA:412,4
DA:413,4
DA:414,4
DA:415,4
DA:416,1
DA:417,1
DA:418,1
DA:419,1
DA:420,1
DA:421,4
DA:422,3
DA:423,3
DA:424,4
DA:426,1
DA:427,1
DA:428,1
DA:429,1
DA:431,1
DA:432,17
DA:433,17
DA:435,17
DA:436,17
DA:443,17
DA:444,17
DA:446,17
DA:455,17
DA:456,17
DA:457,17
DA:458,17
DA:459,17
DA:460,17
DA:461,17
DA:462,17
DA:464,17
DA:465,2
DA:466,2
DA:468,17
DA:469,2
DA:470,2
DA:471,17
DA:473,17
DA:475,11
DA:476,11
DA:477,11
DA:478,11
DA:480,11
DA:481,17
DA:482,6
DA:483,6
DA:484,4
DA:485,2
DA:486,6
DA:487,6
DA:488,6
DA:489,6
DA:490,17
DA:491,17
DA:492,17
DA:493,17
DA:496,1
DA:497,29
DA:498,1
LF:412
LH:412
BRDA:294,0,0,58
BRDA:295,1,0,22
BRDA:302,2,0,3
BRDA:311,3,0,1
BRDA:317,4,0,29
BRDA:325,5,0,28
BRDA:325,6,0,1
BRDA:327,7,0,28
BRDA:333,8,0,27
BRDA:355,9,0,2
BRDA:346,10,0,15
BRDA:347,11,0,13
BRDA:347,12,0,3
BRDA:347,13,0,1
BRDA:348,14,0,2
BRDA:348,15,0,13
BRDA:350,16,0,12
BRDA:350,17,0,1
BRDA:350,18,0,1
BRDA:354,19,0,15
BRDA:366,20,0,1
BRDA:369,21,0,3
BRDA:370,22,0,3
BRDA:374,23,0,1
BRDA:375,24,0,3
BRDA:379,25,0,1
BRDA:383,26,0,1
BRDA:388,27,0,4
BRDA:389,28,0,1
BRDA:395,29,0,3
BRDA:402,30,0,1
BRDA:415,31,0,1
BRDA:421,32,0,3
BRDA:426,33,0,1
BRDA:431,34,0,17
BRDA:464,35,0,2
BRDA:468,36,0,2
BRDA:473,37,0,11
BRDA:481,38,0,6
BRDA:483,39,0,4
BRDA:484,40,0,2
BRDA:484,41,0,2
BRDA:496,42,0,29
BRDA:190,43,0,29
BRDA:35,44,0,29
BRDA:49,45,0,29
BRDA:65,46,0,29
BRDA:77,47,0,29
BRDA:92,48,0,29
BRDA:104,49,0,29
BRDA:130,50,0,29
BRDA:145,51,0,29
BRDA:49,52,0,1
BRDA:198,53,0,29
BRDA:206,54,0,29
BRF:55
BRH:55
end_of_record
TN:
SF:src\pages\CreateScenario.vue
FN:316,nameRules
FN:317,nameRules
FN:318,nameRules
FN:322,testerRules
FN:326,approverRules
FN:330,typeRules
FN:334,priorityRules
FN:338,goBack
FN:342,goToProfile
FN:346,getInitials
FN:362,getMemberColor
FN:367,createScenario
FN:409,showSuccessDialog.value
FN:426,loadData
FN:66,__vite_ssr_import_5__.createElementVNode.__vite_ssr_import_5__.createVNode.onUpdate:modelValue._cache.<computed>._cache.<computed>
FN:82,__vite_ssr_import_5__.createElementVNode.__vite_ssr_import_5__.createVNode.onUpdate:modelValue._cache.<computed>._cache.<computed>
FN:117,__vite_ssr_import_5__.createElementVNode.__vite_ssr_import_5__.createVNode.onUpdate:modelValue._cache.<computed>._cache.<computed>
FN:139,__vite_ssr_import_5__.createElementVNode.__vite_ssr_import_5__.createVNode.onUpdate:modelValue._cache.<computed>._cache.<computed>
FN:161,__vite_ssr_import_5__.createElementVNode.__vite_ssr_import_5__.createVNode.onUpdate:modelValue._cache.<computed>._cache.<computed>
FN:212,__vite_ssr_import_5__.createVNode.onUpdate:modelValue._cache.<computed>._cache.<computed>
FN:235,__vite_ssr_import_5__.createVNode.onUpdate:modelValue._cache.<computed>._cache.<computed>
FN:250,__vite_ssr_import_5__.createVNode.onClick._cache.<computed>._cache.<computed>
FNF:22
FNH:7
FNDA:0,nameRules
FNDA:0,nameRules
FNDA:0,nameRules
FNDA:0,testerRules
FNDA:0,approverRules
FNDA:0,typeRules
FNDA:0,priorityRules
FNDA:1,goBack
FNDA:1,goToProfile
FNDA:6,getInitials
FNDA:2,getMemberColor
FNDA:4,createScenario
FNDA:2,showSuccessDialog.value
FNDA:17,loadData
FNDA:0,__vite_ssr_import_5__.createElementVNode.__vite_ssr_import_5__.createVNode.onUpdate:modelValue._cache.<computed>._cache.<computed>
FNDA:0,__vite_ssr_import_5__.createElementVNode.__vite_ssr_import_5__.createVNode.onUpdate:modelValue._cache.<computed>._cache.<computed>
FNDA:0,__vite_ssr_import_5__.createElementVNode.__vite_ssr_import_5__.createVNode.onUpdate:modelValue._cache.<computed>._cache.<computed>
FNDA:0,__vite_ssr_import_5__.createElementVNode.__vite_ssr_import_5__.createVNode.onUpdate:modelValue._cache.<computed>._cache.<computed>
FNDA:0,__vite_ssr_import_5__.createElementVNode.__vite_ssr_import_5__.createVNode.onUpdate:modelValue._cache.<computed>._cache.<computed>
FNDA:0,__vite_ssr_import_5__.createVNode.onUpdate:modelValue._cache.<computed>._cache.<computed>
FNDA:0,__vite_ssr_import_5__.createVNode.onUpdate:modelValue._cache.<computed>._cache.<computed>
FNDA:0,__vite_ssr_import_5__.createVNode.onClick._cache.<computed>._cache.<computed>
DA:1,1
DA:2,1
DA:3,1
DA:4,1
DA:5,1
DA:6,1
DA:7,1
DA:8,1
DA:10,1
DA:11,1
DA:12,1
DA:13,1
DA:14,1
DA:15,1
DA:16,1
DA:17,1
DA:18,1
DA:19,1
DA:20,1
DA:21,1
DA:22,1
DA:23,1
DA:24,1
DA:25,1
DA:26,1
DA:27,1
DA:29,1
DA:30,1
DA:31,1
DA:32,1
DA:33,1
DA:34,1
DA:35,1
DA:36,1
DA:38,1
DA:39,1
DA:40,1
DA:41,1
DA:43,1
DA:44,1
DA:45,1
DA:46,1
DA:47,1
DA:48,1
DA:49,1
DA:50,1
DA:51,1
DA:52,1
DA:53,1
DA:54,1
DA:55,1
DA:57,1
DA:58,1
DA:59,1
DA:60,1
DA:61,1
DA:62,1
DA:64,1
DA:65,1
DA:66,1
DA:67,1
DA:68,1
DA:69,1
DA:70,1
DA:71,1
DA:72,1
DA:73,1
DA:75,1
DA:76,1
DA:77,1
DA:78,1
DA:80,1
DA:81,1
DA:82,1
DA:83,1
DA:84,1
DA:85,1
DA:86,1
DA:87,1
DA:88,1
DA:89,1
DA:91,1
DA:92,1
DA:94,1
DA:95,1
DA:96,1
DA:97,1
DA:98,1
DA:99,1
DA:100,1
DA:101,1
DA:102,1
DA:103,1
DA:104,1
DA:105,1
DA:107,1
DA:108,1
DA:110,1
DA:111,1
DA:112,1
DA:113,1
DA:115,1
DA:116,1
DA:117,1
DA:118,1
DA:119,1
DA:120,1
DA:121,1
DA:122,1
DA:123,1
DA:124,1
DA:126,1
DA:127,1
DA:129,1
DA:130,1
DA:132,1
DA:133,1
DA:134,1
DA:135,1
DA:137,1
DA:138,1
DA:139,1
DA:140,1
DA:141,1
DA:142,1
DA:143,1
DA:144,1
DA:145,1
DA:146,1
DA:148,1
DA:149,1
DA:151,1
DA:152,1
DA:154,1
DA:155,1
DA:156,1
DA:157,1
DA:159,1
DA:160,1
DA:161,1
DA:162,1
DA:163,1
DA:164,1
DA:165,1
DA:166,1
DA:167,1
DA:168,1
DA:170,1
DA:171,1
DA:173,1
DA:174,1
DA:175,1
DA:176,1
DA:177,1
DA:178,1
DA:179,1
DA:180,1
DA:181,1
DA:182,1
DA:183,1
DA:184,1
DA:186,1
DA:187,1
DA:189,1
DA:190,1
DA:191,1
DA:192,1
DA:193,1
DA:194,1
DA:195,1
DA:196,1
DA:197,1
DA:198,1
DA:199,1
DA:200,1
DA:201,1
DA:202,1
DA:203,1
DA:204,1
DA:205,1
DA:206,1
DA:207,1
DA:208,1
DA:209,1
DA:211,1
DA:212,1
DA:213,1
DA:214,1
DA:215,1
DA:216,23
DA:217,23
DA:218,23
DA:219,17
DA:221,17
DA:222,1
DA:223,1
DA:224,1
DA:225,1
DA:226,1
DA:227,1
DA:228,1
DA:229,1
DA:230,1
DA:231,1
DA:232,1
DA:234,1
DA:235,1
DA:236,1
DA:237,1
DA:238,1
DA:239,23
DA:240,23
DA:241,23
DA:242,23
DA:243,23
DA:244,1
DA:245,1
DA:246,1
DA:247,1
DA:248,1
DA:249,1
DA:250,1
DA:251,1
DA:252,1
DA:253,1
DA:254,1
DA:255,1
DA:256,1
DA:260,1
DA:261,1
DA:262,1
DA:266,1
DA:269,1
DA:270,1
DA:271,1
DA:274,1
DA:275,1
DA:276,1
DA:277,1
DA:278,1
DA:281,1
DA:282,1
DA:283,1
DA:284,1
DA:285,1
DA:286,1
DA:287,1
DA:290,1
DA:292,1
DA:293,33
DA:294,23
DA:295,23
DA:296,23
DA:297,33
DA:298,1
DA:300,1
DA:301,1
DA:302,1
DA:303,1
DA:304,1
DA:305,1
DA:307,1
DA:308,1
DA:309,1
DA:310,1
DA:311,1
DA:312,1
DA:315,1
DA:316,1
DA:317,1
DA:318,1
DA:319,1
DA:321,1
DA:322,1
DA:323,1
DA:325,1
DA:326,1
DA:327,1
DA:329,1
DA:330,1
DA:331,1
DA:333,1
DA:334,1
DA:335,1
DA:338,1
DA:339,1
DA:340,1
DA:342,1
DA:343,1
DA:344,1
DA:346,6
DA:347,6
DA:348,4
DA:349,6
DA:350,1
DA:351,1
DA:352,1
DA:353,1
DA:354,1
DA:355,1
DA:356,6
DA:357,2
DA:358,2
DA:359,1
DA:360,6
DA:362,2
DA:363,2
DA:364,2
DA:365,2
DA:367,4
DA:368,4
DA:369,4
DA:372,4
DA:373,1
DA:374,1
DA:375,1
DA:376,1
DA:380,3
DA:381,3
DA:382,3
DA:383,3
DA:384,1
DA:385,1
DA:386,1
DA:387,1
DA:388,3
DA:409,2
DA:411,2
DA:413,4
DA:414,0
DA:415,0
DA:416,0
DA:417,0
DA:418,0
DA:419,0
DA:420,4
DA:421,4
DA:422,4
DA:423,4
DA:426,17
DA:427,17
DA:429,17
DA:432,16
DA:433,16
DA:434,16
DA:435,16
DA:436,16
DA:437,17
DA:438,1
DA:439,1
DA:440,1
DA:441,1
DA:442,1
DA:443,1
DA:444,1
DA:445,17
DA:448,1
DA:449,17
DA:450,1
LF:359
LH:353
BRDA:290,0,0,17
BRDA:292,1,0,33
BRDA:293,2,0,23
BRDA:294,3,0,0
BRDA:338,4,0,1
BRDA:342,5,0,1
BRDA:346,6,0,6
BRDA:347,7,0,2
BRDA:347,8,0,4
BRDA:349,9,0,1
BRDA:355,10,0,3
BRDA:356,11,0,2
BRDA:356,12,0,2
BRDA:356,13,0,2
BRDA:358,14,0,1
BRDA:348,15,0,8
BRDA:362,16,0,2
BRDA:367,17,0,4
BRDA:372,18,0,3
BRDA:372,19,0,3
BRDA:372,20,0,3
BRDA:372,21,0,3
BRDA:372,22,0,1
BRDA:376,23,0,3
BRDA:383,24,0,1
BRDA:388,25,0,2
BRDA:413,26,0,0
BRDA:420,27,0,2
BRDA:381,28,0,4
BRDA:409,29,0,2
BRDA:426,30,0,17
BRDA:429,31,0,16
BRDA:437,32,0,1
BRDA:432,33,0,16
BRDA:448,34,0,17
BRDA:212,35,0,17
BRDA:235,36,0,17
BRDA:38,37,0,17
BRDA:66,38,0,17
BRDA:82,39,0,17
BRDA:117,40,0,17
BRDA:139,41,0,17
BRDA:161,42,0,17
BRDA:92,43,0,35
BRDA:127,44,0,22
BRDA:149,45,0,22
BRDA:171,46,0,35
BRDA:215,47,0,23
BRDA:218,48,0,17
BRDA:218,49,0,17
BRDA:238,50,0,23
BRDA:241,51,0,17
BRDA:250,52,0,17
BRF:53
BRH:51
end_of_record
TN:
SF:src\pages\Createproject.vue
FN:354,goBack
FN:358,goToProfile
FN:402,addEmail
FN:413,removeRow
FN:417,showCollaboratorMenu
FN:422,closeMenu
FN:427,removeCollaborator
FN:432,closeSuccessDialog
FN:437,closeErrorDialog
FN:442,resendInvite
FN:471,initialsFrom
FN:491,apiCreateProject
FN:496,apiCreateOrResendInvite
FN:501,apiListInvites
FN:541,sendAllInvitesOrUpdateStatuses
FN:577,refreshInviteStatuses
FN:591,backendToDisplayStatus
FN:601,getCustomErrorMessage
FN:655,getCustomInviteErrorMessage
FN:702,onSubmit
FN:753,resetPage
FN:761,submitForm
FN:763,onSuccessOk
FN:231,onClick
FN:266,__vite_ssr_import_5__.createElementBlock.$setup.showMenu.__vite_ssr_import_5__.createElementBlock.__vite_ssr_import_5__.createElementVNode.__vite_ssr_import_5__.createElementVNode.$setup.selectedCollaborator.__vite_ssr_import_5__.createElementBlock.onClick._cache.<computed>._cache.<computed>
FN:277,__vite_ssr_import_5__.createElementBlock.$setup.showMenu.__vite_ssr_import_5__.createElementBlock.__vite_ssr_import_5__.createElementVNode.__vite_ssr_import_5__.createElementVNode.$setup.selectedCollaborator.__vite_ssr_import_5__.createElementBlock.onClick._cache.<computed>._cache.<computed>
FNF:26
FNH:23
FNDA:1,goBack
FNDA:1,goToProfile
FNDA:3,addEmail
FNDA:2,removeRow
FNDA:1,showCollaboratorMenu
FNDA:2,closeMenu
FNDA:1,removeCollaborator
FNDA:1,closeSuccessDialog
FNDA:1,closeErrorDialog
FNDA:12,resendInvite
FNDA:38,initialsFrom
FNDA:26,apiCreateProject
FNDA:6,apiCreateOrResendInvite
FNDA:5,apiListInvites
FNDA:11,sendAllInvitesOrUpdateStatuses
FNDA:5,refreshInviteStatuses
FNDA:6,backendToDisplayStatus
FNDA:15,getCustomErrorMessage
FNDA:11,getCustomInviteErrorMessage
FNDA:27,onSubmit
FNDA:4,resetPage
FNDA:1,submitForm
FNDA:3,onSuccessOk
FNDA:0,onClick
FNDA:0,__vite_ssr_import_5__.createElementBlock.$setup.showMenu.__vite_ssr_import_5__.createElementBlock.__vite_ssr_import_5__.createElementVNode.__vite_ssr_import_5__.createElementVNode.$setup.selectedCollaborator.__vite_ssr_import_5__.createElementBlock.onClick._cache.<computed>._cache.<computed>
FNDA:0,__vite_ssr_import_5__.createElementBlock.$setup.showMenu.__vite_ssr_import_5__.createElementBlock.__vite_ssr_import_5__.createElementVNode.__vite_ssr_import_5__.createElementVNode.$setup.selectedCollaborator.__vite_ssr_import_5__.createElementBlock.onClick._cache.<computed>._cache.<computed>
DA:1,1
DA:3,1
DA:4,1
DA:5,1
DA:6,1
DA:7,1
DA:8,1
DA:9,1
DA:11,1
DA:12,1
DA:13,1
DA:14,1
DA:15,1
DA:16,1
DA:17,1
DA:18,1
DA:19,1
DA:20,1
DA:21,1
DA:34,1
DA:36,1
DA:37,1
DA:38,1
DA:39,1
DA:40,1
DA:41,1
DA:43,1
DA:44,133
DA:45,133
DA:46,133
DA:47,133
DA:48,1
DA:49,1
DA:50,1
DA:52,1
DA:53,1
DA:54,1
DA:55,1
DA:56,1
DA:57,1
DA:59,1
DA:60,1
DA:61,1
DA:62,1
DA:63,1
DA:64,1
DA:65,1
DA:66,1
DA:67,1
DA:69,1
DA:70,1
DA:71,1
DA:72,1
DA:73,1
DA:87,1
DA:88,1
DA:89,1
DA:90,1
DA:91,1
DA:92,1
DA:93,1
DA:95,1
DA:96,1
DA:97,1
DA:98,1
DA:99,1
DA:100,1
DA:101,1
DA:102,1
DA:103,1
DA:104,1
DA:105,1
DA:107,1
DA:118,1
DA:119,1
DA:120,1
DA:121,1
DA:122,1
DA:123,1
DA:124,1
DA:125,1
DA:126,1
DA:128,1
DA:129,1
DA:130,78
DA:131,78
DA:132,78
DA:133,78
DA:134,78
DA:136,78
DA:137,1
DA:138,1
DA:139,1
DA:141,1
DA:142,1
DA:155,1
DA:156,1
DA:157,1
DA:158,1
DA:159,1
DA:160,1
DA:161,1
DA:162,1
DA:163,1
DA:164,1
DA:165,1
DA:166,1
DA:167,1
DA:168,1
DA:169,1
DA:170,1
DA:171,1
DA:172,1
DA:173,1
DA:174,1
DA:175,1
DA:177,63
DA:178,63
DA:179,63
DA:180,63
DA:182,63
DA:183,1
DA:184,1
DA:186,1
DA:187,1
DA:188,1
DA:197,1
DA:199,1
DA:200,1
DA:201,1
DA:202,1
DA:203,1
DA:205,1
DA:206,1
DA:207,1
DA:208,1
DA:209,1
DA:210,1
DA:211,1
DA:212,1
DA:213,1
DA:214,1
DA:215,1
DA:217,1
DA:218,1
DA:219,1
DA:220,1
DA:222,9
DA:223,9
DA:224,9
DA:225,1
DA:226,1
DA:228,1
DA:229,1
DA:230,1
DA:231,1
DA:232,1
DA:234,1
DA:235,1
DA:236,1
DA:237,1
DA:238,1
DA:239,1
DA:240,1
DA:241,1
DA:242,1
DA:243,1
DA:244,1
DA:245,1
DA:246,1
DA:247,1
DA:248,1
DA:250,1
DA:251,1
DA:252,1
DA:253,1
DA:254,1
DA:255,1
DA:256,1
DA:257,1
DA:258,1
DA:259,1
DA:260,1
DA:261,1
DA:262,1
DA:263,1
DA:264,1
DA:265,1
DA:266,1
DA:268,1
DA:269,1
DA:270,1
DA:271,1
DA:273,1
DA:274,1
DA:275,1
DA:276,1
DA:277,1
DA:279,1
DA:280,1
DA:281,1
DA:282,1
DA:284,1
DA:285,1
DA:286,1
DA:287,1
DA:289,1
DA:290,1
DA:291,1
DA:301,1
DA:302,1
DA:303,1
DA:304,1
DA:305,1
DA:307,1
DA:308,1
DA:309,1
DA:310,1
DA:312,1
DA:313,1
DA:314,1
DA:325,1
DA:326,1
DA:327,1
DA:328,1
DA:329,1
DA:331,1
DA:332,1
DA:333,1
DA:334,1
DA:335,1
DA:339,1
DA:340,1
DA:341,1
DA:342,1
DA:349,1
DA:350,1
DA:351,1
DA:354,1
DA:355,1
DA:356,1
DA:358,1
DA:359,1
DA:360,1
DA:363,1
DA:364,1
DA:365,1
DA:366,1
DA:367,1
DA:368,1
DA:369,1
DA:370,1
DA:372,1
DA:388,1
DA:389,1
DA:390,1
DA:393,1
DA:394,1
DA:397,1
DA:398,99
DA:399,1
DA:402,3
DA:403,3
DA:404,3
DA:405,3
DA:406,1
DA:407,1
DA:408,1
DA:409,1
DA:410,1
DA:411,3
DA:413,2
DA:414,2
DA:415,2
DA:417,1
DA:418,1
DA:419,1
DA:420,1
DA:422,2
DA:423,2
DA:424,2
DA:425,2
DA:427,1
DA:428,1
DA:429,1
DA:430,1
DA:432,1
DA:433,1
DA:434,1
DA:435,1
DA:437,1
DA:438,1
DA:439,1
DA:440,1
DA:442,12
DA:443,12
DA:444,1
DA:445,1
DA:446,1
DA:447,11
DA:448,11
DA:449,1
DA:450,1
DA:451,12
DA:452,10
DA:453,9
DA:454,1
DA:455,10
DA:456,9
DA:457,5
DA:458,1
DA:459,10
DA:461,10
DA:462,10
DA:463,10
DA:464,10
DA:465,10
DA:466,10
DA:467,10
DA:468,12
DA:471,38
DA:472,38
DA:473,38
DA:474,38
DA:475,38
DA:476,38
DA:477,38
DA:491,26
DA:493,26
DA:494,26
DA:496,6
DA:498,6
DA:499,6
DA:501,5
DA:513,5
DA:520,5
DA:521,5
DA:523,5
DA:524,0
DA:525,0
DA:526,0
DA:527,0
DA:528,0
DA:529,0
DA:530,0
DA:531,0
DA:532,0
DA:533,0
DA:534,0
DA:535,0
DA:536,0
DA:537,5
DA:538,5
DA:541,11
DA:542,11
DA:543,5
DA:545,11
DA:546,6
DA:547,6
DA:548,5
DA:549,5
DA:550,6
DA:551,1
DA:552,1
DA:553,0
DA:554,1
DA:555,1
DA:556,0
DA:557,0
DA:558,1
DA:560,1
DA:561,1
DA:562,1
DA:563,1
DA:564,1
DA:565,1
DA:567,1
DA:568,6
DA:570,5
DA:571,11
DA:572,4
DA:573,4
DA:574,11
DA:577,5
DA:578,5
DA:579,5
DA:580,5
DA:581,5
DA:582,6
DA:583,6
DA:584,5
DA:585,5
DA:587,0
DA:588,5
DA:591,6
DA:592,6
DA:593,6
DA:594,6
DA:595,6
DA:596,6
DA:597,6
DA:598,6
DA:601,15
DA:603,15
DA:604,1
DA:605,1
DA:608,14
DA:609,15
DA:611,9
DA:612,2
DA:613,2
DA:614,9
DA:615,1
DA:616,1
DA:617,9
DA:618,1
DA:619,1
DA:620,9
DA:621,1
DA:622,1
DA:623,9
DA:624,1
DA:625,1
DA:626,9
DA:627,1
DA:628,1
DA:629,9
DA:630,1
DA:631,1
DA:632,1
DA:634,15
DA:635,1
DA:637,15
DA:638,1
DA:639,1
DA:640,1
DA:641,0
DA:643,15
DA:644,1
DA:646,15
DA:648,2
DA:649,1
DA:650,1
DA:651,1
DA:652,15
DA:653,15
DA:655,11
DA:656,11
DA:658,11
DA:659,1
DA:660,1
DA:662,10
DA:663,11
DA:664,2
DA:665,2
DA:666,2
DA:667,2
DA:668,0
DA:669,0
DA:670,2
DA:671,0
DA:672,0
DA:673,0
DA:675,11
DA:676,1
DA:678,11
DA:679,1
DA:681,11
DA:682,1
DA:684,11
DA:685,3
DA:686,1
DA:687,1
DA:688,3
DA:689,1
DA:690,1
DA:691,1
DA:693,11
DA:694,1
DA:696,11
DA:697,1
DA:698,11
DA:699,11
DA:702,27
DA:704,27
DA:705,1
DA:706,1
DA:707,1
DA:709,26
DA:710,26
DA:711,26
DA:712,26
DA:713,27
DA:714,27
DA:715,11
DA:718,11
DA:720,11
DA:721,11
DA:722,11
DA:723,11
DA:724,11
DA:725,11
DA:726,11
DA:727,11
DA:728,11
DA:729,27
DA:730,15
DA:731,14
DA:732,1
DA:733,15
DA:734,14
DA:735,3
DA:736,1
DA:737,15
DA:739,15
DA:740,15
DA:741,15
DA:742,15
DA:743,15
DA:744,15
DA:745,15
DA:746,15
DA:747,15
DA:748,27
DA:749,26
DA:750,26
DA:751,27
DA:753,4
DA:754,4
DA:755,4
DA:756,4
DA:757,4
DA:758,4
DA:759,4
DA:761,1
DA:763,3
DA:764,3
DA:766,3
DA:767,3
DA:768,2
DA:769,2
DA:770,3
LF:542
LH:519
BRDA:354,0,0,1
BRDA:358,1,0,1
BRDA:397,2,0,99
BRDA:398,3,0,30
BRDA:402,4,0,3
BRDA:404,5,0,1
BRDA:404,6,0,2
BRDA:405,7,0,1
BRDA:405,8,0,1
BRDA:413,9,0,2
BRDA:414,10,0,4
BRDA:417,11,0,1
BRDA:422,12,0,2
BRDA:427,13,0,1
BRDA:432,14,0,1
BRDA:437,15,0,1
BRDA:442,16,0,12
BRDA:443,17,0,1
BRDA:446,18,0,11
BRDA:448,19,0,1
BRDA:451,20,0,10
BRDA:452,21,0,9
BRDA:453,22,0,1
BRDA:455,23,0,9
BRDA:456,24,0,5
BRDA:457,25,0,1
BRDA:471,26,0,38
BRDA:473,27,0,0
BRDA:475,28,0,0
BRDA:475,29,0,1
BRDA:475,30,0,37
BRDA:491,31,0,26
BRDA:496,32,0,6
BRDA:501,33,0,5
BRDA:521,34,0,0
BRDA:541,35,0,11
BRDA:542,36,0,6
BRDA:542,37,0,5
BRDA:545,38,0,6
BRDA:547,39,0,5
BRDA:550,40,0,1
BRDA:552,41,0,0
BRDA:555,42,0,0
BRDA:556,43,0,0
BRDA:568,44,0,5
BRDA:571,45,0,4
BRDA:577,46,0,5
BRDA:585,47,0,0
BRDA:581,48,0,6
BRDA:583,49,0,0
BRDA:591,50,0,6
BRDA:592,51,0,1
BRDA:593,52,0,1
BRDA:594,53,0,1
BRDA:595,54,0,1
BRDA:596,55,0,1
BRDA:596,56,0,3
BRDA:601,57,0,15
BRDA:603,58,0,1
BRDA:605,59,0,14
BRDA:609,60,0,9
BRDA:611,61,0,2
BRDA:613,62,0,7
BRDA:614,63,0,1
BRDA:616,64,0,6
BRDA:617,65,0,1
BRDA:619,66,0,5
BRDA:620,67,0,1
BRDA:622,68,0,4
BRDA:623,69,0,1
BRDA:625,70,0,3
BRDA:626,71,0,2
BRDA:626,72,0,1
BRDA:628,73,0,2
BRDA:629,74,0,1
BRDA:634,75,0,1
BRDA:637,76,0,1
BRDA:638,77,0,0
BRDA:638,78,0,0
BRDA:640,79,0,0
BRDA:643,80,0,1
BRDA:646,81,0,2
BRDA:648,82,0,1
BRDA:655,83,0,11
BRDA:656,84,0,1
BRDA:656,85,0,10
BRDA:658,86,0,1
BRDA:660,87,0,10
BRDA:663,88,0,2
BRDA:666,89,0,0
BRDA:667,90,0,0
BRDA:670,91,0,0
BRDA:675,92,0,1
BRDA:678,93,0,1
BRDA:681,94,0,1
BRDA:684,95,0,3
BRDA:685,96,0,1
BRDA:687,97,0,2
BRDA:688,98,0,1
BRDA:693,99,0,1
BRDA:696,100,0,1
BRDA:702,101,0,27
BRDA:704,102,0,1
BRDA:707,103,0,26
BRDA:713,104,0,25
BRDA:713,105,0,25
BRDA:714,106,0,11
BRDA:729,107,0,15
BRDA:730,108,0,14
BRDA:731,109,0,1
BRDA:733,110,0,14
BRDA:734,111,0,3
BRDA:735,112,0,1
BRDA:748,113,0,26
BRDA:753,114,0,4
BRDA:761,115,0,1
BRDA:763,116,0,3
BRDA:767,117,0,2
BRDA:40,118,0,133
BRDA:43,119,0,133
BRDA:48,120,0,63
BRDA:48,121,0,36
BRDA:49,122,0,36
BRDA:49,123,0,133
BRDA:129,124,0,78
BRDA:136,125,0,91
BRDA:175,126,0,63
BRDA:273,127,0,0
BRDA:284,128,0,0
BRDA:220,129,0,9
BRF:130
BRH:114
end_of_record
TN:
SF:src\pages\DashboardPage.vue
FN:134,goToProjects
FN:135,goToCreate
FN:136,goToInvites
FN:137,goToProfile
FN:139,handleLogout
FNF:5
FNH:5
FNDA:2,goToProjects
FNDA:2,goToCreate
FNDA:2,goToInvites
FNDA:2,goToProfile
FNDA:3,handleLogout
DA:1,1
DA:3,1
DA:4,1
DA:5,1
DA:6,1
DA:7,1
DA:8,1
DA:9,1
DA:11,1
DA:12,1
DA:13,1
DA:14,1
DA:15,1
DA:16,1
DA:17,1
DA:18,1
DA:19,1
DA:20,1
DA:21,1
DA:22,1
DA:23,1
DA:24,1
DA:25,1
DA:27,1
DA:28,1
DA:29,1
DA:30,1
DA:31,1
DA:32,1
DA:33,1
DA:35,1
DA:36,1
DA:37,1
DA:38,1
DA:39,1
DA:40,1
DA:41,1
DA:42,1
DA:43,1
DA:44,1
DA:45,1
DA:46,1
DA:47,1
DA:48,1
DA:49,1
DA:50,1
DA:51,1
DA:52,1
DA:53,1
DA:54,1
DA:55,1
DA:56,1
DA:58,1
DA:59,1
DA:60,1
DA:61,1
DA:62,1
DA:79,1
DA:81,1
DA:82,1
DA:99,1
DA:101,1
DA:102,1
DA:120,1
DA:122,1
DA:123,1
DA:124,1
DA:128,1
DA:129,1
DA:131,1
DA:132,1
DA:134,1
DA:135,1
DA:136,1
DA:137,1
DA:139,1
DA:140,3
DA:141,3
DA:142,3
DA:143,3
DA:144,3
DA:145,3
DA:146,3
DA:147,3
DA:148,3
DA:149,3
DA:150,3
DA:151,3
DA:152,3
DA:153,3
DA:155,2
DA:158,2
DA:161,2
DA:162,2
DA:163,2
DA:164,2
DA:165,2
DA:166,3
DA:167,3
LF:99
LH:99
BRDA:134,0,0,2
BRDA:135,1,0,2
BRDA:136,2,0,2
BRDA:137,3,0,2
BRDA:139,4,0,3
BRDA:153,5,0,2
BRF:6
BRH:6
end_of_record
TN:
SF:src\pages\EditPackage.vue
FN:334,dateOptions
FN:341,onDateSelected
FN:347,loadProjectData
FN:379,loadPackage
FN:414,updateTags
FN:422,removeTag
FN:427,goBack
FN:431,openCreateReleaseDialog
FN:436,createNewRelease
FN:474,cancelCreateRelease
FN:479,getOptionValue
FN:487,onSubmit
FN:30,__vite_ssr_import_6__.createElementVNode.__vite_ssr_import_6__.createElementVNode.__vite_ssr_import_6__.createVNode.onUpdate:modelValue._cache.<computed>._cache.<computed>
FN:32,__vite_ssr_import_6__.createElementVNode.__vite_ssr_import_6__.createElementVNode.__vite_ssr_import_6__.createVNode.rules
FN:41,__vite_ssr_import_6__.createElementVNode.__vite_ssr_import_6__.createElementVNode.__vite_ssr_import_6__.createVNode.onUpdate:modelValue._cache.<computed>._cache.<computed>
FN:54,__vite_ssr_import_6__.createElementVNode.__vite_ssr_import_6__.createElementVNode.__vite_ssr_import_6__.createElementVNode.__vite_ssr_import_6__.createVNode.onUpdate:modelValue._cache.<computed>._cache.<computed>
FN:58,__vite_ssr_import_6__.createElementVNode.__vite_ssr_import_6__.createElementVNode.__vite_ssr_import_6__.createElementVNode.__vite_ssr_import_6__.createVNode.rules
FN:64,__vite_ssr_import_6__.createElementVNode.__vite_ssr_import_6__.createElementVNode.__vite_ssr_import_6__.createElementVNode.__vite_ssr_import_6__.createVNode.onUpdate:modelValue._cache.<computed>._cache.<computed>
FN:68,__vite_ssr_import_6__.createElementVNode.__vite_ssr_import_6__.createElementVNode.__vite_ssr_import_6__.createElementVNode.__vite_ssr_import_6__.createVNode.rules
FN:77,__vite_ssr_import_6__.createElementVNode.__vite_ssr_import_6__.createElementVNode.__vite_ssr_import_6__.createElementVNode.__vite_ssr_import_6__.createVNode.onUpdate:modelValue._cache.<computed>._cache.<computed>
FN:87,__vite_ssr_import_6__.createElementVNode.__vite_ssr_import_6__.createElementVNode.__vite_ssr_import_6__.createElementVNode.__vite_ssr_import_6__.createElementVNode.__vite_ssr_import_6__.createVNode.onUpdate:modelValue._cache.<computed>._cache.<computed>
FN:91,__vite_ssr_import_6__.createElementVNode.__vite_ssr_import_6__.createElementVNode.__vite_ssr_import_6__.createElementVNode.__vite_ssr_import_6__.createElementVNode.__vite_ssr_import_6__.createVNode.rules
FN:111,__vite_ssr_import_6__.createElementVNode.__vite_ssr_import_6__.createElementVNode.__vite_ssr_import_6__.createVNode.onUpdate:modelValue._cache.<computed>._cache.<computed>
FN:124,__vite_ssr_import_6__.createElementVNode.__vite_ssr_import_6__.createElementVNode.__vite_ssr_import_6__.createVNode.onUpdate:modelValue._cache.<computed>._cache.<computed>
FN:137,onRemove
FN:150,__vite_ssr_import_6__.createElementVNode.__vite_ssr_import_6__.createElementVNode.__vite_ssr_import_6__.createVNode.onUpdate:modelValue._cache.<computed>._cache.<computed>
FN:154,__vite_ssr_import_6__.createElementVNode.__vite_ssr_import_6__.createElementVNode.__vite_ssr_import_6__.createVNode.rules
FN:187,__vite_ssr_import_6__.createElementBlock.__vite_ssr_import_6__.createVNode.onUpdate:modelValue._cache.<computed>._cache.<computed>
FN:195,__vite_ssr_import_6__.createVNode.onUpdate:modelValue._cache.<computed>._cache.<computed>
FN:200,__vite_ssr_import_6__.createVNode.onClick._cache.<computed>._cache.<computed>
FNF:30
FNH:12
FNDA:2,dateOptions
FNDA:1,onDateSelected
FNDA:31,loadProjectData
FNDA:31,loadPackage
FNDA:2,updateTags
FNDA:1,removeTag
FNDA:4,goBack
FNDA:1,openCreateReleaseDialog
FNDA:3,createNewRelease
FNDA:1,cancelCreateRelease
FNDA:27,getOptionValue
FNDA:5,onSubmit
FNDA:0,__vite_ssr_import_6__.createElementVNode.__vite_ssr_import_6__.createElementVNode.__vite_ssr_import_6__.createVNode.onUpdate:modelValue._cache.<computed>._cache.<computed>
FNDA:0,__vite_ssr_import_6__.createElementVNode.__vite_ssr_import_6__.createElementVNode.__vite_ssr_import_6__.createVNode.rules
FNDA:0,__vite_ssr_import_6__.createElementVNode.__vite_ssr_import_6__.createElementVNode.__vite_ssr_import_6__.createVNode.onUpdate:modelValue._cache.<computed>._cache.<computed>
FNDA:0,__vite_ssr_import_6__.createElementVNode.__vite_ssr_import_6__.createElementVNode.__vite_ssr_import_6__.createElementVNode.__vite_ssr_import_6__.createVNode.onUpdate:modelValue._cache.<computed>._cache.<computed>
FNDA:0,__vite_ssr_import_6__.createElementVNode.__vite_ssr_import_6__.createElementVNode.__vite_ssr_import_6__.createElementVNode.__vite_ssr_import_6__.createVNode.rules
FNDA:0,__vite_ssr_import_6__.createElementVNode.__vite_ssr_import_6__.createElementVNode.__vite_ssr_import_6__.createElementVNode.__vite_ssr_import_6__.createVNode.onUpdate:modelValue._cache.<computed>._cache.<computed>
FNDA:0,__vite_ssr_import_6__.createElementVNode.__vite_ssr_import_6__.createElementVNode.__vite_ssr_import_6__.createElementVNode.__vite_ssr_import_6__.createVNode.rules
FNDA:0,__vite_ssr_import_6__.createElementVNode.__vite_ssr_import_6__.createElementVNode.__vite_ssr_import_6__.createElementVNode.__vite_ssr_import_6__.createVNode.onUpdate:modelValue._cache.<computed>._cache.<computed>
FNDA:0,__vite_ssr_import_6__.createElementVNode.__vite_ssr_import_6__.createElementVNode.__vite_ssr_import_6__.createElementVNode.__vite_ssr_import_6__.createElementVNode.__vite_ssr_import_6__.createVNode.onUpdate:modelValue._cache.<computed>._cache.<computed>
FNDA:0,__vite_ssr_import_6__.createElementVNode.__vite_ssr_import_6__.createElementVNode.__vite_ssr_import_6__.createElementVNode.__vite_ssr_import_6__.createElementVNode.__vite_ssr_import_6__.createVNode.rules
FNDA:0,__vite_ssr_import_6__.createElementVNode.__vite_ssr_import_6__.createElementVNode.__vite_ssr_import_6__.createVNode.onUpdate:modelValue._cache.<computed>._cache.<computed>
FNDA:0,__vite_ssr_import_6__.createElementVNode.__vite_ssr_import_6__.createElementVNode.__vite_ssr_import_6__.createVNode.onUpdate:modelValue._cache.<computed>._cache.<computed>
FNDA:0,onRemove
FNDA:0,__vite_ssr_import_6__.createElementVNode.__vite_ssr_import_6__.createElementVNode.__vite_ssr_import_6__.createVNode.onUpdate:modelValue._cache.<computed>._cache.<computed>
FNDA:0,__vite_ssr_import_6__.createElementVNode.__vite_ssr_import_6__.createElementVNode.__vite_ssr_import_6__.createVNode.rules
FNDA:0,__vite_ssr_import_6__.createElementBlock.__vite_ssr_import_6__.createVNode.onUpdate:modelValue._cache.<computed>._cache.<computed>
FNDA:0,__vite_ssr_import_6__.createVNode.onUpdate:modelValue._cache.<computed>._cache.<computed>
FNDA:0,__vite_ssr_import_6__.createVNode.onClick._cache.<computed>._cache.<computed>
DA:1,1
DA:2,1
DA:3,1
DA:4,1
DA:5,1
DA:6,1
DA:7,1
DA:8,1
DA:9,1
DA:10,1
DA:11,1
DA:12,1
DA:13,1
DA:14,1
DA:15,1
DA:16,1
DA:17,1
DA:18,1
DA:19,1
DA:21,1
DA:22,1
DA:23,1
DA:24,1
DA:25,1
DA:26,1
DA:28,1
DA:29,1
DA:30,1
DA:31,1
DA:32,1
DA:33,1
DA:34,1
DA:35,1
DA:36,1
DA:37,1
DA:39,1
DA:40,1
DA:41,1
DA:42,1
DA:43,1
DA:44,1
DA:45,1
DA:46,1
DA:47,1
DA:48,1
DA:49,1
DA:51,1
DA:52,1
DA:53,1
DA:54,1
DA:55,1
DA:56,1
DA:57,1
DA:58,1
DA:59,1
DA:60,1
DA:61,1
DA:62,1
DA:63,1
DA:64,1
DA:65,1
DA:66,1
DA:67,1
DA:68,1
DA:69,1
DA:70,1
DA:71,1
DA:72,1
DA:74,1
DA:75,1
DA:76,1
DA:77,1
DA:78,1
DA:79,1
DA:80,1
DA:81,1
DA:82,1
DA:83,1
DA:84,1
DA:85,1
DA:86,1
DA:87,1
DA:88,1
DA:89,1
DA:90,1
DA:91,1
DA:92,1
DA:93,1
DA:94,1
DA:95,1
DA:96,1
DA:97,1
DA:98,1
DA:99,1
DA:100,1
DA:101,1
DA:102,1
DA:103,1
DA:104,1
DA:105,1
DA:106,1
DA:107,1
DA:109,1
DA:110,1
DA:111,1
DA:112,1
DA:113,1
DA:114,1
DA:115,1
DA:116,1
DA:117,1
DA:118,1
DA:119,1
DA:120,1
DA:122,1
DA:123,1
DA:124,1
DA:125,1
DA:126,1
DA:127,1
DA:128,1
DA:129,1
DA:130,1
DA:131,1
DA:132,1
DA:133,1
DA:134,1
DA:135,1
DA:136,1
DA:137,1
DA:138,1
DA:139,1
DA:140,1
DA:141,1
DA:142,1
DA:143,1
DA:145,1
DA:146,1
DA:147,1
DA:148,1
DA:149,1
DA:150,1
DA:151,1
DA:152,1
DA:153,1
DA:154,1
DA:155,1
DA:156,1
DA:157,1
DA:158,1
DA:159,1
DA:161,1
DA:162,1
DA:163,1
DA:164,1
DA:165,1
DA:166,1
DA:167,1
DA:168,1
DA:169,1
DA:170,1
DA:171,1
DA:172,1
DA:173,1
DA:174,1
DA:175,1
DA:176,1
DA:177,1
DA:178,1
DA:180,1
DA:181,1
DA:182,31
DA:183,31
DA:184,1
DA:186,1
DA:187,1
DA:188,1
DA:189,1
DA:190,1
DA:191,1
DA:193,1
DA:194,1
DA:195,1
DA:196,1
DA:197,1
DA:198,1
DA:199,1
DA:200,1
DA:201,1
DA:205,1
DA:206,1
DA:207,1
DA:208,1
DA:209,1
DA:210,1
DA:211,1
DA:212,1
DA:214,1
DA:215,1
DA:216,1
DA:217,1
DA:218,1
DA:219,1
DA:221,1
DA:222,1
DA:224,1
DA:225,1
DA:226,1
DA:227,1
DA:228,1
DA:229,1
DA:230,1
DA:231,1
DA:232,1
DA:233,1
DA:234,1
DA:235,1
DA:236,1
DA:237,1
DA:238,1
DA:239,1
DA:240,1
DA:241,1
DA:245,1
DA:246,1
DA:247,1
DA:248,1
DA:249,1
DA:251,1
DA:252,1
DA:253,1
DA:255,1
DA:256,1
DA:257,1
DA:258,1
DA:259,1
DA:262,1
DA:272,1
DA:273,1
DA:274,1
DA:275,1
DA:276,1
DA:277,1
DA:278,1
DA:279,1
DA:280,1
DA:281,1
DA:282,1
DA:284,1
DA:287,1
DA:288,1
DA:291,1
DA:292,1
DA:293,1
DA:294,1
DA:297,1
DA:298,1
DA:299,1
DA:300,1
DA:301,1
DA:302,1
DA:304,1
DA:305,1
DA:306,1
DA:307,1
DA:308,1
DA:309,1
DA:311,1
DA:312,1
DA:313,1
DA:314,1
DA:315,1
DA:316,1
DA:318,1
DA:319,1
DA:320,1
DA:321,1
DA:322,1
DA:323,1
DA:326,1
DA:327,60
DA:328,61
DA:329,61
DA:330,60
DA:331,1
DA:334,1
DA:335,2
DA:336,2
DA:337,2
DA:338,2
DA:341,1
DA:342,1
DA:343,1
DA:344,1
DA:347,1
DA:348,31
DA:349,31
DA:350,31
DA:352,31
DA:353,2
DA:354,2
DA:355,2
DA:358,29
DA:359,29
DA:360,29
DA:361,29
DA:363,29
DA:364,29
DA:365,58
DA:366,58
DA:367,29
DA:368,31
DA:369,0
DA:370,0
DA:371,0
DA:372,0
DA:373,0
DA:374,31
DA:375,31
DA:376,31
DA:377,31
DA:379,1
DA:380,31
DA:381,31
DA:382,31
DA:383,31
DA:384,2
DA:385,2
DA:386,2
DA:387,29
DA:389,28
DA:390,28
DA:391,31
DA:392,31
DA:393,31
DA:394,31
DA:395,31
DA:396,31
DA:397,31
DA:398,31
DA:399,31
DA:401,31
DA:402,31
DA:403,1
DA:404,1
DA:405,1
DA:406,1
DA:407,1
DA:408,1
DA:409,31
DA:410,31
DA:411,31
DA:412,31
DA:414,1
DA:415,2
DA:416,2
DA:417,2
DA:418,2
DA:419,2
DA:420,2
DA:422,1
DA:423,1
DA:424,1
DA:425,1
DA:427,1
DA:428,4
DA:429,4
DA:431,1
DA:432,1
DA:433,1
DA:434,1
DA:436,1
DA:437,3
DA:438,1
DA:439,1
DA:440,1
DA:441,1
DA:442,1
DA:443,1
DA:445,2
DA:446,2
DA:449,2
DA:450,2
DA:453,2
DA:456,2
DA:457,2
DA:459,2
DA:460,2
DA:461,2
DA:462,2
DA:463,3
DA:464,1
DA:465,1
DA:466,1
DA:467,1
DA:468,1
DA:469,3
DA:470,2
DA:471,2
DA:472,3
DA:474,1
DA:475,1
DA:476,1
DA:477,1
DA:479,1
DA:480,27
DA:481,12
DA:482,12
DA:483,12
DA:484,27
DA:485,27
DA:487,1
DA:488,5
DA:489,5
DA:491,5
DA:492,5
DA:493,1
DA:494,1
DA:495,1
DA:496,1
DA:497,1
DA:498,1
DA:501,4
DA:511,4
DA:512,4
DA:513,4
DA:514,4
DA:515,4
DA:516,4
DA:517,4
DA:518,4
DA:520,4
DA:521,4
DA:522,4
DA:523,4
DA:525,4
DA:526,4
DA:527,4
DA:528,4
DA:530,4
DA:531,4
DA:532,4
DA:533,4
DA:535,4
DA:537,2
DA:538,2
DA:539,2
DA:540,2
DA:542,2
DA:543,2
DA:544,2
DA:545,2
DA:546,2
DA:547,0
DA:548,2
DA:549,2
DA:550,2
DA:551,2
DA:552,5
DA:553,5
DA:554,5
DA:555,5
DA:558,1
DA:559,31
DA:560,31
DA:561,31
DA:562,31
DA:563,1
LF:468
LH:462
BRDA:255,0,0,29
BRDA:256,1,0,31
BRDA:326,2,0,60
BRDA:327,3,0,61
BRDA:334,4,0,2
BRDA:341,5,0,1
BRDA:347,6,0,31
BRDA:352,7,0,29
BRDA:352,8,0,2
BRDA:355,9,0,29
BRDA:368,10,0,0
BRDA:374,11,0,29
BRDA:364,12,0,58
BRDA:379,13,0,31
BRDA:383,14,0,29
BRDA:383,15,0,2
BRDA:386,16,0,29
BRDA:387,17,0,28
BRDA:391,18,0,1
BRDA:394,19,0,1
BRDA:396,20,0,1
BRDA:397,21,0,1
BRDA:398,22,0,0
BRDA:402,23,0,1
BRDA:409,24,0,29
BRDA:414,25,0,2
BRDA:417,26,0,6
BRDA:418,27,0,6
BRDA:422,28,0,1
BRDA:423,29,0,3
BRDA:427,30,0,4
BRDA:431,31,0,1
BRDA:436,32,0,3
BRDA:437,33,0,1
BRDA:443,34,0,2
BRDA:463,35,0,1
BRDA:469,36,0,2
BRDA:474,37,0,1
BRDA:479,38,0,27
BRDA:480,39,0,13
BRDA:480,40,0,12
BRDA:480,41,0,12
BRDA:483,42,0,15
BRDA:484,43,0,14
BRDA:484,44,0,1
BRDA:487,45,0,5
BRDA:492,46,0,4
BRDA:492,47,0,1
BRDA:498,48,0,4
BRDA:535,49,0,2
BRDA:546,50,0,1
BRDA:546,51,0,0
BRDA:552,52,0,4
BRDA:558,53,0,31
BRDA:15,54,0,31
BRDA:17,55,0,31
BRDA:181,56,0,31
BRDA:183,57,0,33
BRDA:187,58,0,31
BRDA:30,59,0,31
BRDA:41,60,0,31
BRDA:54,61,0,31
BRDA:64,62,0,31
BRDA:77,63,0,31
BRDA:87,64,0,31
BRDA:111,65,0,31
BRDA:124,66,0,31
BRDA:150,67,0,31
BRF:68
BRH:65
end_of_record
TN:
SF:src\pages\EditPackagePage.vue
FN:235,nameRules
FN:236,nameRules
FN:240,typeRules
FN:244,priorityRules
FN:248,releaseRules
FN:252,goBack
FN:256,getTagColor
FN:262,updateTags
FN:270,addTag
FN:278,removeTag
FN:282,onSubmit
FN:337,loadData
FN:38,__vite_ssr_import_6__.createElementVNode.__vite_ssr_import_6__.createElementVNode.__vite_ssr_import_6__.createVNode.onUpdate:modelValue._cache.<computed>._cache.<computed>
FN:45,__vite_ssr_import_6__.createElementVNode.__vite_ssr_import_6__.createElementVNode.__vite_ssr_import_6__.createVNode.onUpdate:modelValue._cache.<computed>._cache.<computed>
FN:60,__vite_ssr_import_6__.createElementVNode.__vite_ssr_import_6__.createElementVNode.__vite_ssr_import_6__.createVNode.onUpdate:modelValue._cache.<computed>._cache.<computed>
FN:70,__vite_ssr_import_6__.createElementVNode.__vite_ssr_import_6__.createElementVNode.__vite_ssr_import_6__.createVNode.onUpdate:modelValue._cache.<computed>._cache.<computed>
FN:82,__vite_ssr_import_6__.createElementVNode.__vite_ssr_import_6__.createElementVNode.__vite_ssr_import_6__.createVNode.onUpdate:modelValue._cache.<computed>._cache.<computed>
FN:91,__vite_ssr_import_6__.createElementVNode.__vite_ssr_import_6__.createElementVNode.__vite_ssr_import_6__.createVNode.onUpdate:modelValue._cache.<computed>._cache.<computed>
FN:104,__vite_ssr_import_6__.createElementVNode.__vite_ssr_import_6__.createVNode.onUpdate:modelValue._cache.<computed>._cache.<computed>
FN:116,onRemove
FN:130,__vite_ssr_import_6__.createElementVNode.__vite_ssr_import_6__.createVNode.onUpdate:modelValue._cache.<computed>._cache.<computed>
FNF:21
FNH:6
FNDA:0,nameRules
FNDA:0,nameRules
FNDA:0,typeRules
FNDA:0,priorityRules
FNDA:0,releaseRules
FNDA:2,goBack
FNDA:38,getTagColor
FNDA:0,updateTags
FNDA:1,addTag
FNDA:1,removeTag
FNDA:2,onSubmit
FNDA:12,loadData
FNDA:0,__vite_ssr_import_6__.createElementVNode.__vite_ssr_import_6__.createElementVNode.__vite_ssr_import_6__.createVNode.onUpdate:modelValue._cache.<computed>._cache.<computed>
FNDA:0,__vite_ssr_import_6__.createElementVNode.__vite_ssr_import_6__.createElementVNode.__vite_ssr_import_6__.createVNode.onUpdate:modelValue._cache.<computed>._cache.<computed>
FNDA:0,__vite_ssr_import_6__.createElementVNode.__vite_ssr_import_6__.createElementVNode.__vite_ssr_import_6__.createVNode.onUpdate:modelValue._cache.<computed>._cache.<computed>
FNDA:0,__vite_ssr_import_6__.createElementVNode.__vite_ssr_import_6__.createElementVNode.__vite_ssr_import_6__.createVNode.onUpdate:modelValue._cache.<computed>._cache.<computed>
FNDA:0,__vite_ssr_import_6__.createElementVNode.__vite_ssr_import_6__.createElementVNode.__vite_ssr_import_6__.createVNode.onUpdate:modelValue._cache.<computed>._cache.<computed>
FNDA:0,__vite_ssr_import_6__.createElementVNode.__vite_ssr_import_6__.createElementVNode.__vite_ssr_import_6__.createVNode.onUpdate:modelValue._cache.<computed>._cache.<computed>
FNDA:0,__vite_ssr_import_6__.createElementVNode.__vite_ssr_import_6__.createVNode.onUpdate:modelValue._cache.<computed>._cache.<computed>
FNDA:0,onRemove
FNDA:0,__vite_ssr_import_6__.createElementVNode.__vite_ssr_import_6__.createVNode.onUpdate:modelValue._cache.<computed>._cache.<computed>
DA:1,1
DA:2,1
DA:3,1
DA:4,1
DA:6,1
DA:7,1
DA:8,1
DA:9,1
DA:10,1
DA:11,1
DA:12,1
DA:13,1
DA:14,1
DA:15,1
DA:16,1
DA:17,1
DA:19,1
DA:20,1
DA:21,1
DA:22,1
DA:23,1
DA:24,1
DA:25,1
DA:26,1
DA:27,1
DA:29,1
DA:30,1
DA:31,1
DA:32,1
DA:33,1
DA:34,1
DA:35,1
DA:36,1
DA:37,1
DA:38,1
DA:39,1
DA:40,1
DA:41,1
DA:42,1
DA:43,1
DA:44,1
DA:45,1
DA:46,1
DA:47,1
DA:48,1
DA:49,1
DA:50,1
DA:51,1
DA:52,1
DA:53,1
DA:55,1
DA:56,1
DA:57,1
DA:58,1
DA:59,1
DA:60,1
DA:61,1
DA:62,1
DA:63,1
DA:64,1
DA:65,1
DA:66,1
DA:67,1
DA:68,1
DA:69,1
DA:70,1
DA:71,1
DA:72,1
DA:73,1
DA:74,1
DA:75,1
DA:76,1
DA:77,1
DA:78,1
DA:79,1
DA:80,1
DA:81,1
DA:82,1
DA:83,1
DA:84,1
DA:85,1
DA:86,1
DA:87,1
DA:88,1
DA:89,1
DA:90,1
DA:91,1
DA:92,1
DA:93,1
DA:94,1
DA:95,1
DA:96,1
DA:97,1
DA:98,1
DA:100,1
DA:101,1
DA:102,1
DA:103,1
DA:104,1
DA:105,1
DA:106,1
DA:107,1
DA:108,1
DA:109,1
DA:110,1
DA:111,1
DA:112,1
DA:113,1
DA:114,1
DA:115,1
DA:116,1
DA:117,1
DA:118,1
DA:119,1
DA:121,1
DA:122,1
DA:123,1
DA:124,1
DA:126,1
DA:127,1
DA:128,1
DA:129,1
DA:130,1
DA:131,1
DA:132,1
DA:133,1
DA:134,1
DA:135,1
DA:136,1
DA:137,1
DA:138,1
DA:139,1
DA:141,1
DA:142,1
DA:143,1
DA:144,1
DA:145,1
DA:146,1
DA:147,1
DA:148,1
DA:149,1
DA:150,1
DA:151,1
DA:152,1
DA:153,1
DA:154,1
DA:155,1
DA:156,1
DA:157,1
DA:158,1
DA:159,1
DA:160,1
DA:161,1
DA:165,1
DA:166,1
DA:167,1
DA:172,1
DA:173,1
DA:176,1
DA:177,1
DA:178,1
DA:181,1
DA:182,1
DA:183,1
DA:184,1
DA:187,1
DA:188,1
DA:189,1
DA:190,1
DA:191,1
DA:192,1
DA:193,1
DA:194,1
DA:195,1
DA:196,1
DA:197,1
DA:199,1
DA:200,1
DA:203,1
DA:204,1
DA:205,1
DA:206,1
DA:207,1
DA:208,1
DA:209,1
DA:210,1
DA:211,1
DA:212,1
DA:213,1
DA:214,1
DA:215,1
DA:216,1
DA:217,1
DA:218,1
DA:219,1
DA:220,1
DA:223,1
DA:224,1
DA:226,1
DA:227,23
DA:228,22
DA:229,22
DA:230,23
DA:231,1
DA:234,1
DA:235,1
DA:236,1
DA:237,1
DA:239,1
DA:240,1
DA:241,1
DA:243,1
DA:244,1
DA:245,1
DA:247,1
DA:248,1
DA:249,1
DA:252,1
DA:253,2
DA:254,2
DA:256,1
DA:257,38
DA:258,38
DA:259,38
DA:260,38
DA:262,1
DA:263,0
DA:264,0
DA:265,0
DA:266,0
DA:267,0
DA:268,0
DA:270,1
DA:271,1
DA:272,1
DA:273,1
DA:274,1
DA:275,1
DA:276,1
DA:278,1
DA:279,1
DA:280,1
DA:282,2
DA:283,2
DA:284,2
DA:286,2
DA:287,2
DA:289,2
DA:298,2
DA:299,2
DA:300,2
DA:301,2
DA:302,2
DA:303,2
DA:304,2
DA:305,2
DA:307,2
DA:308,2
DA:309,2
DA:311,2
DA:312,2
DA:313,2
DA:315,2
DA:317,1
DA:318,1
DA:319,1
DA:320,1
DA:321,1
DA:323,1
DA:324,1
DA:325,1
DA:326,1
DA:327,1
DA:328,1
DA:329,1
DA:330,1
DA:331,2
DA:332,2
DA:333,2
DA:334,2
DA:337,12
DA:338,12
DA:339,12
DA:340,12
DA:341,12
DA:342,12
DA:343,12
DA:344,12
DA:346,11
DA:347,11
DA:350,11
DA:351,11
DA:352,12
DA:353,12
DA:354,12
DA:355,12
DA:356,12
DA:357,12
DA:358,12
DA:359,12
DA:360,12
DA:363,12
DA:364,12
DA:365,1
DA:366,1
DA:367,1
DA:368,1
DA:369,1
DA:370,12
DA:371,12
DA:372,12
DA:373,12
DA:375,1
DA:376,12
DA:377,1
LF:315
LH:309
BRDA:223,0,0,12
BRDA:224,1,0,12
BRDA:226,2,0,23
BRDA:227,3,0,22
BRDA:252,4,0,2
BRDA:256,5,0,38
BRDA:270,6,0,1
BRDA:278,7,0,1
BRDA:282,8,0,2
BRDA:284,9,0,0
BRDA:315,10,0,1
BRDA:337,11,0,12
BRDA:344,12,0,11
BRDA:352,13,0,1
BRDA:355,14,0,0
BRDA:357,15,0,1
BRDA:358,16,0,1
BRDA:364,17,0,1
BRDA:375,18,0,12
BRDA:19,19,0,12
BRDA:38,20,0,12
BRDA:45,21,0,12
BRDA:60,22,0,12
BRDA:70,23,0,12
BRDA:82,24,0,12
BRDA:91,25,0,12
BRDA:104,26,0,12
BRDA:130,27,0,12
BRDA:121,28,0,36
BRF:29
BRH:27
end_of_record
TN:
SF:src\pages\EditProjectPage.vue
FN:244,goBack
FN:249,loadProject
FN:280,submitForm
FN:346,getCustomErrorMessage
FN:397,formatDate
FN:181,__vite_ssr_import_5__.createElementBlock.__vite_ssr_import_5__.createVNode.onUpdate:modelValue._cache.<computed>._cache.<computed>
FN:195,__vite_ssr_import_5__.createElementBlock.__vite_ssr_import_5__.createVNode.onUpdate:modelValue._cache.<computed>._cache.<computed>
FNF:7
FNH:5
FNDA:5,goBack
FNDA:31,loadProject
FNDA:12,submitForm
FNDA:9,getCustomErrorMessage
FNDA:183,formatDate
FNDA:0,__vite_ssr_import_5__.createElementBlock.__vite_ssr_import_5__.createVNode.onUpdate:modelValue._cache.<computed>._cache.<computed>
FNDA:0,__vite_ssr_import_5__.createElementBlock.__vite_ssr_import_5__.createVNode.onUpdate:modelValue._cache.<computed>._cache.<computed>
DA:1,1
DA:3,1
DA:4,1
DA:5,1
DA:6,1
DA:7,1
DA:8,1
DA:9,1
DA:11,1
DA:12,1
DA:13,1
DA:14,1
DA:15,1
DA:16,1
DA:17,1
DA:18,1
DA:19,1
DA:20,1
DA:21,1
DA:35,1
DA:37,1
DA:38,1
DA:39,1
DA:40,1
DA:41,1
DA:42,1
DA:44,1
DA:45,108
DA:46,108
DA:47,108
DA:48,108
DA:49,1
DA:50,1
DA:51,1
DA:52,1
DA:53,1
DA:54,1
DA:56,1
DA:57,1
DA:58,29
DA:59,29
DA:60,1
DA:62,1
DA:63,1
DA:64,1
DA:65,1
DA:66,1
DA:79,1
DA:80,1
DA:81,1
DA:82,1
DA:83,1
DA:84,1
DA:85,1
DA:87,1
DA:88,1
DA:89,1
DA:90,1
DA:91,1
DA:92,1
DA:93,1
DA:94,1
DA:95,1
DA:96,1
DA:97,1
DA:98,1
DA:100,1
DA:110,1
DA:111,1
DA:112,1
DA:113,1
DA:114,1
DA:115,1
DA:116,1
DA:117,1
DA:118,1
DA:119,1
DA:121,1
DA:122,1
DA:123,35
DA:124,35
DA:125,35
DA:126,35
DA:127,35
DA:129,35
DA:130,1
DA:131,1
DA:132,1
DA:134,1
DA:135,1
DA:147,1
DA:148,1
DA:149,1
DA:150,1
DA:151,1
DA:152,1
DA:153,1
DA:154,1
DA:155,1
DA:156,1
DA:165,1
DA:166,1
DA:167,1
DA:168,1
DA:169,1
DA:170,1
DA:171,1
DA:172,1
DA:173,1
DA:174,1
DA:175,1
DA:176,1
DA:177,1
DA:178,1
DA:180,1
DA:181,1
DA:182,1
DA:183,1
DA:184,1
DA:185,3
DA:186,1
DA:187,1
DA:188,1
DA:189,1
DA:190,1
DA:191,1
DA:192,1
DA:194,1
DA:195,1
DA:196,1
DA:197,1
DA:198,1
DA:199,9
DA:200,1
DA:201,1
DA:202,1
DA:203,1
DA:204,1
DA:205,1
DA:206,1
DA:207,1
DA:211,1
DA:212,1
DA:213,1
DA:214,1
DA:216,1
DA:217,1
DA:218,1
DA:230,1
DA:231,1
DA:232,1
DA:233,1
DA:234,1
DA:235,1
DA:238,1
DA:239,1
DA:240,1
DA:241,1
DA:244,5
DA:245,5
DA:246,5
DA:249,31
DA:250,31
DA:251,31
DA:252,31
DA:253,31
DA:254,2
DA:255,2
DA:256,29
DA:257,27
DA:258,27
DA:261,27
DA:262,27
DA:263,27
DA:264,27
DA:265,27
DA:266,31
DA:267,3
DA:268,3
DA:269,3
DA:270,3
DA:271,3
DA:272,3
DA:273,3
DA:274,31
DA:275,30
DA:276,30
DA:277,31
DA:280,12
DA:281,12
DA:283,12
DA:284,0
DA:285,0
DA:286,0
DA:288,11
DA:289,11
DA:290,12
DA:291,12
DA:292,0
DA:293,0
DA:298,11
DA:299,11
DA:300,12
DA:301,12
DA:302,12
DA:304,2
DA:305,2
DA:306,2
DA:307,2
DA:308,2
DA:309,2
DA:310,2
DA:312,2
DA:313,2
DA:314,12
DA:324,9
DA:325,8
DA:326,1
DA:327,9
DA:328,9
DA:329,9
DA:331,9
DA:332,9
DA:333,9
DA:334,9
DA:335,9
DA:336,9
DA:337,9
DA:338,9
DA:339,9
DA:340,12
DA:341,11
DA:342,11
DA:343,12
DA:346,9
DA:347,9
DA:348,1
DA:349,1
DA:351,8
DA:352,9
DA:353,1
DA:354,1
DA:355,1
DA:356,1
DA:357,0
DA:358,0
DA:359,1
DA:360,0
DA:361,0
DA:362,1
DA:363,0
DA:364,0
DA:365,1
DA:366,0
DA:367,0
DA:368,0
DA:370,9
DA:371,1
DA:373,9
DA:374,1
DA:376,9
DA:377,1
DA:379,9
DA:380,1
DA:381,1
DA:382,1
DA:383,0
DA:385,9
DA:386,1
DA:388,9
DA:389,2
DA:390,1
DA:391,1
DA:392,1
DA:393,9
DA:394,9
DA:397,183
DA:398,183
DA:399,111
DA:400,111
DA:401,111
DA:402,111
DA:403,111
DA:404,111
DA:405,111
DA:406,111
DA:407,183
DA:410,1
DA:411,31
DA:412,1
LF:290
LH:275
BRDA:244,0,0,5
BRDA:249,1,0,31
BRDA:252,2,0,0
BRDA:253,3,0,2
BRDA:255,4,0,29
BRDA:256,5,0,27
BRDA:262,6,0,0
BRDA:263,7,0,1
BRDA:266,8,0,3
BRDA:274,9,0,30
BRDA:280,10,0,12
BRDA:281,11,0,1
BRDA:281,12,0,11
BRDA:283,13,0,0
BRDA:283,14,0,0
BRDA:286,15,0,11
BRDA:290,16,0,0
BRDA:291,17,0,0
BRDA:293,18,0,11
BRDA:300,19,0,1
BRDA:302,20,0,2
BRDA:314,21,0,9
BRDA:324,22,0,8
BRDA:325,23,0,1
BRDA:327,24,0,8
BRDA:328,25,0,8
BRDA:328,26,0,6
BRDA:328,27,0,5
BRDA:340,28,0,11
BRDA:346,29,0,9
BRDA:347,30,0,1
BRDA:349,31,0,8
BRDA:352,32,0,1
BRDA:355,33,0,0
BRDA:356,34,0,0
BRDA:359,35,0,0
BRDA:362,36,0,0
BRDA:365,37,0,0
BRDA:370,38,0,1
BRDA:373,39,0,1
BRDA:376,40,0,1
BRDA:379,41,0,1
BRDA:380,42,0,0
BRDA:380,43,0,0
BRDA:382,44,0,0
BRDA:385,45,0,1
BRDA:388,46,0,2
BRDA:389,47,0,1
BRDA:397,48,0,183
BRDA:398,49,0,72
BRDA:398,50,0,111
BRDA:410,51,0,31
BRDA:44,52,0,108
BRDA:49,53,0,31
BRDA:49,54,0,11
BRDA:50,55,0,11
BRDA:50,56,0,108
BRDA:57,57,0,29
BRDA:122,58,0,35
BRDA:129,59,0,55
BRDA:154,60,0,31
BRDA:155,61,0,55
BRDA:170,62,0,31
BRDA:171,63,0,55
BRDA:181,64,0,31
BRDA:195,65,0,31
BRDA:184,66,0,3
BRDA:187,67,0,3
BRDA:198,68,0,9
BRDA:201,69,0,9
BRF:70
BRH:56
end_of_record
TN:
SF:src\pages\ErrorNotFound.vue
FNF:0
FNH:0
DA:1,1
DA:2,1
DA:3,1
DA:4,1
DA:5,1
DA:6,1
DA:7,1
LF:7
LH:7
BRF:0
BRH:0
end_of_record
TN:
SF:src\pages\ForgotPasswordPage.vue
FN:107,handleReset
FN:150,goToLogin
FN:30,__vite_ssr_import_5__.createElementVNode.__vite_ssr_import_5__.createVNode.onUpdate:modelValue._cache.<computed>._cache.<computed>
FN:37,__vite_ssr_import_5__.createElementVNode.__vite_ssr_import_5__.createVNode.rules
FNF:4
FNH:2
FNDA:7,handleReset
FNDA:1,goToLogin
FNDA:0,__vite_ssr_import_5__.createElementVNode.__vite_ssr_import_5__.createVNode.onUpdate:modelValue._cache.<computed>._cache.<computed>
FNDA:0,__vite_ssr_import_5__.createElementVNode.__vite_ssr_import_5__.createVNode.rules
DA:1,1
DA:2,1
DA:3,1
DA:4,1
DA:5,1
DA:6,1
DA:7,1
DA:8,1
DA:9,1
DA:10,1
DA:11,1
DA:12,1
DA:13,1
DA:14,1
DA:16,1
DA:17,1
DA:18,1
DA:19,1
DA:20,1
DA:21,1
DA:22,1
DA:23,1
DA:24,1
DA:25,1
DA:27,1
DA:28,1
DA:29,1
DA:30,1
DA:31,1
DA:32,1
DA:33,1
DA:34,1
DA:35,1
DA:36,1
DA:37,1
DA:38,1
DA:40,1
DA:41,1
DA:43,1
DA:44,1
DA:46,1
DA:47,1
DA:48,1
DA:49,1
DA:50,1
DA:51,1
DA:52,1
DA:53,1
DA:54,1
DA:55,1
DA:56,1
DA:58,1
DA:59,1
DA:60,1
DA:61,1
DA:62,1
DA:63,1
DA:64,1
DA:66,1
DA:67,1
DA:68,1
DA:69,6
DA:70,1
DA:72,1
DA:73,1
DA:74,1
DA:76,1
DA:77,1
DA:78,1
DA:79,1
DA:80,1
DA:81,1
DA:82,1
DA:83,1
DA:84,1
DA:85,1
DA:86,1
DA:87,1
DA:88,1
DA:89,1
DA:90,1
DA:94,1
DA:95,1
DA:96,1
DA:97,1
DA:99,1
DA:100,1
DA:101,1
DA:102,1
DA:104,1
DA:105,1
DA:107,7
DA:108,7
DA:109,1
DA:110,1
DA:111,1
DA:112,1
DA:113,1
DA:114,1
DA:115,1
DA:117,6
DA:118,6
DA:119,6
DA:121,6
DA:122,6
DA:123,4
DA:124,4
DA:126,4
DA:127,4
DA:128,4
DA:129,4
DA:130,4
DA:131,7
DA:132,2
DA:133,2
DA:134,1
DA:135,1
DA:136,1
DA:137,1
DA:138,1
DA:140,2
DA:141,2
DA:142,2
DA:143,2
DA:144,2
DA:145,7
DA:146,6
DA:147,6
DA:148,7
DA:150,1
DA:151,1
DA:152,1
LF:132
LH:132
BRDA:107,0,0,7
BRDA:108,1,0,1
BRDA:115,2,0,6
BRDA:122,3,0,4
BRDA:131,4,0,2
BRDA:133,5,0,1
BRDA:135,6,0,0
BRDA:145,7,0,6
BRDA:150,8,0,1
BRDA:30,9,0,14
BRDA:61,10,0,2
BRDA:61,11,0,4
BRDA:69,12,0,6
BRF:13
BRH:12
end_of_record
TN:
SF:src\pages\InvitesPage.vue
FN:417,goBack
FN:421,goToProfile
FN:425,loadInvites
FN:459,onSearch
FN:464,clearSearch
FN:469,goToPage
FN:474,getVisiblePages
FN:486,closeMenu
FN:491,closeAcceptDialog
FN:496,closeDeclineDialog
FN:506,getStatusLabel
FN:516,getRoleLabel
FN:526,formatDate
FN:530,showInviteMenu
FN:535,acceptInvite
FN:540,declineInvite
FN:545,confirmAccept
FN:592,confirmDecline
FN:639,resendInvite
FN:648,viewProject
FN:173,onClick
FN:228,onClick
FN:239,onClick
FN:261,__vite_ssr_import_5__.createElementBlock.__vite_ssr_import_5__.createElementVNode.$setup.totalPages.__vite_ssr_import_5__.createElementBlock.__vite_ssr_import_5__.createElementVNode.__vite_ssr_import_5__.createElementVNode.onClick._cache.<computed>._cache.<computed>
FN:274,onClick
FN:283,__vite_ssr_import_5__.createElementBlock.__vite_ssr_import_5__.createElementVNode.$setup.totalPages.__vite_ssr_import_5__.createElementBlock.__vite_ssr_import_5__.createElementVNode.__vite_ssr_import_5__.createElementVNode.onClick._cache.<computed>._cache.<computed>
FNF:26
FNH:18
FNDA:1,goBack
FNDA:1,goToProfile
FNDA:35,loadInvites
FNDA:3,onSearch
FNDA:1,clearSearch
FNDA:1,goToPage
FNDA:6,getVisiblePages
FNDA:3,closeMenu
FNDA:0,closeAcceptDialog
FNDA:0,closeDeclineDialog
FNDA:134,getStatusLabel
FNDA:134,getRoleLabel
FNDA:261,formatDate
FNDA:1,showInviteMenu
FNDA:1,acceptInvite
FNDA:1,declineInvite
FNDA:2,confirmAccept
FNDA:2,confirmDecline
FNDA:1,resendInvite
FNDA:1,viewProject
FNDA:0,onClick
FNDA:0,onClick
FNDA:0,onClick
FNDA:0,__vite_ssr_import_5__.createElementBlock.__vite_ssr_import_5__.createElementVNode.$setup.totalPages.__vite_ssr_import_5__.createElementBlock.__vite_ssr_import_5__.createElementVNode.__vite_ssr_import_5__.createElementVNode.onClick._cache.<computed>._cache.<computed>
FNDA:0,onClick
FNDA:0,__vite_ssr_import_5__.createElementBlock.__vite_ssr_import_5__.createElementVNode.$setup.totalPages.__vite_ssr_import_5__.createElementBlock.__vite_ssr_import_5__.createElementVNode.__vite_ssr_import_5__.createElementVNode.onClick._cache.<computed>._cache.<computed>
DA:1,1
DA:3,1
DA:4,1
DA:5,1
DA:6,1
DA:7,1
DA:8,1
DA:9,1
DA:11,1
DA:12,1
DA:13,1
DA:14,1
DA:15,1
DA:16,1
DA:17,1
DA:18,1
DA:19,1
DA:20,1
DA:21,1
DA:35,1
DA:37,1
DA:38,1
DA:39,1
DA:40,1
DA:41,1
DA:42,1
DA:44,28
DA:45,28
DA:46,28
DA:47,28
DA:48,1
DA:50,1
DA:51,1
DA:52,1
DA:53,1
DA:54,1
DA:55,1
DA:57,1
DA:58,1
DA:59,1
DA:60,1
DA:61,1
DA:62,1
DA:63,1
DA:64,1
DA:65,1
DA:67,1
DA:68,1
DA:69,1
DA:70,1
DA:71,1
DA:72,1
DA:73,1
DA:74,1
DA:75,1
DA:76,1
DA:77,1
DA:78,1
DA:79,1
DA:80,1
DA:81,1
DA:82,1
DA:83,1
DA:84,1
DA:85,1
DA:86,1
DA:88,1
DA:89,1
DA:90,1
DA:91,1
DA:92,1
DA:94,1
DA:95,1
DA:96,1
DA:97,1
DA:98,1
DA:99,1
DA:100,1
DA:101,1
DA:108,1
DA:109,1
DA:110,1
DA:111,1
DA:113,1
DA:114,1
DA:115,1
DA:116,1
DA:117,35
DA:118,35
DA:119,1
DA:121,1
DA:122,1
DA:123,31
DA:124,31
DA:125,31
DA:126,31
DA:127,31
DA:128,31
DA:129,31
DA:130,31
DA:131,31
DA:132,31
DA:134,31
DA:135,1
DA:136,1
DA:137,1
DA:138,1
DA:139,1
DA:140,1
DA:142,1
DA:143,1
DA:144,1
DA:145,1
DA:146,16
DA:147,16
DA:148,16
DA:149,1
DA:150,81
DA:151,81
DA:152,81
DA:153,1
DA:154,1
DA:155,1
DA:156,1
DA:157,1
DA:158,1
DA:159,1
DA:160,1
DA:161,1
DA:162,1
DA:163,1
DA:165,1
DA:166,1
DA:167,1
DA:168,1
DA:170,1
DA:171,1
DA:172,1
DA:173,1
DA:174,1
DA:176,1
DA:177,1
DA:178,1
DA:179,1
DA:180,1
DA:181,1
DA:182,1
DA:183,1
DA:185,1
DA:186,1
DA:187,1
DA:188,1
DA:189,1
DA:190,1
DA:191,1
DA:192,1
DA:193,1
DA:194,1
DA:195,1
DA:196,1
DA:198,1
DA:206,1
DA:207,1
DA:209,1
DA:210,1
DA:211,1
DA:212,1
DA:213,1
DA:214,1
DA:215,1
DA:216,1
DA:217,1
DA:218,1
DA:220,1
DA:221,1
DA:222,1
DA:223,1
DA:225,1
DA:226,1
DA:227,1
DA:228,1
DA:229,1
DA:231,9
DA:232,9
DA:233,9
DA:234,9
DA:236,9
DA:237,1
DA:238,1
DA:239,1
DA:240,1
DA:242,9
DA:243,9
DA:244,9
DA:245,9
DA:246,9
DA:248,9
DA:249,1
DA:250,1
DA:251,1
DA:252,1
DA:253,1
DA:255,1
DA:256,1
DA:257,1
DA:258,1
DA:259,1
DA:260,1
DA:261,1
DA:263,1
DA:264,1
DA:265,1
DA:266,1
DA:268,1
DA:269,1
DA:270,1
DA:271,1
DA:272,1
DA:273,1
DA:274,1
DA:276,1
DA:277,1
DA:278,1
DA:280,1
DA:281,1
DA:282,1
DA:283,1
DA:285,1
DA:286,1
DA:287,1
DA:288,1
DA:289,1
DA:290,1
DA:291,1
DA:293,1
DA:294,1
DA:295,1
DA:296,1
DA:297,1
DA:298,1
DA:299,1
DA:300,1
DA:301,1
DA:302,1
DA:303,1
DA:304,1
DA:305,1
DA:306,1
DA:307,1
DA:308,1
DA:310,1
DA:311,1
DA:312,1
DA:314,1
DA:315,1
DA:316,1
DA:317,1
DA:318,1
DA:320,1
DA:321,1
DA:322,1
DA:324,1
DA:325,1
DA:326,1
DA:327,1
DA:329,1
DA:330,1
DA:331,1
DA:341,1
DA:342,1
DA:343,1
DA:344,1
DA:345,1
DA:346,1
DA:347,1
DA:348,1
DA:349,1
DA:350,1
DA:352,1
DA:353,1
DA:354,1
DA:355,1
DA:357,1
DA:358,1
DA:369,1
DA:370,1
DA:371,1
DA:372,1
DA:373,1
DA:374,1
DA:375,1
DA:376,1
DA:377,1
DA:378,1
DA:380,1
DA:381,1
DA:382,1
DA:383,1
DA:384,1
DA:388,1
DA:389,1
DA:390,1
DA:391,1
DA:393,1
DA:394,1
DA:397,1
DA:398,1
DA:399,1
DA:400,1
DA:401,1
DA:402,1
DA:403,1
DA:406,1
DA:407,1
DA:410,1
DA:411,1
DA:412,1
DA:417,1
DA:418,1
DA:419,1
DA:421,1
DA:422,1
DA:423,1
DA:425,1
DA:426,35
DA:427,35
DA:428,35
DA:429,35
DA:430,35
DA:431,35
DA:432,35
DA:433,35
DA:435,35
DA:436,1
DA:437,1
DA:439,35
DA:440,1
DA:441,1
DA:443,35
DA:445,34
DA:446,34
DA:447,35
DA:448,1
DA:449,1
DA:450,1
DA:451,1
DA:452,1
DA:453,1
DA:454,35
DA:455,35
DA:456,35
DA:457,35
DA:459,1
DA:460,3
DA:461,3
DA:462,3
DA:464,1
DA:465,1
DA:466,1
DA:467,1
DA:469,1
DA:470,1
DA:471,1
DA:472,1
DA:474,1
DA:475,6
DA:476,6
DA:477,6
DA:478,6
DA:480,6
DA:481,18
DA:482,18
DA:483,6
DA:484,6
DA:486,1
DA:487,3
DA:488,3
DA:489,3
DA:491,1
DA:492,0
DA:493,0
DA:494,0
DA:496,1
DA:497,0
DA:498,0
DA:499,0
DA:506,1
DA:507,134
DA:508,134
DA:509,134
DA:510,134
DA:511,134
DA:512,134
DA:513,134
DA:514,134
DA:516,1
DA:517,134
DA:518,134
DA:519,134
DA:520,134
DA:521,134
DA:522,134
DA:523,134
DA:524,134
DA:526,1
DA:527,261
DA:528,261
DA:530,1
DA:531,1
DA:532,1
DA:533,1
DA:535,1
DA:536,1
DA:537,1
DA:538,1
DA:540,1
DA:541,1
DA:542,1
DA:543,1
DA:545,1
DA:546,2
DA:548,2
DA:549,2
DA:551,2
DA:554,1
DA:555,1
DA:556,1
DA:557,1
DA:558,1
DA:560,1
DA:561,1
DA:562,1
DA:563,1
DA:564,1
DA:566,1
DA:569,1
DA:570,1
DA:578,1
DA:579,1
DA:580,0
DA:581,1
DA:582,1
DA:583,1
DA:584,1
DA:585,1
DA:586,1
DA:587,2
DA:588,2
DA:589,2
DA:590,2
DA:592,1
DA:593,2
DA:595,2
DA:596,2
DA:598,2
DA:601,1
DA:602,1
DA:603,1
DA:604,1
DA:605,1
DA:607,1
DA:608,1
DA:609,1
DA:610,1
DA:611,1
DA:613,1
DA:616,1
DA:617,1
DA:625,1
DA:626,1
DA:627,0
DA:628,1
DA:629,1
DA:630,1
DA:631,1
DA:632,1
DA:633,1
DA:634,2
DA:635,2
DA:636,2
DA:637,2
DA:639,1
DA:640,1
DA:641,1
DA:642,1
DA:643,1
DA:644,1
DA:645,1
DA:646,1
DA:648,1
DA:649,1
DA:650,1
DA:651,1
DA:652,1
DA:653,1
DA:655,1
DA:656,28
DA:657,1
LF:498
LH:490
BRDA:417,0,0,1
BRDA:421,1,0,1
BRDA:425,2,0,35
BRDA:435,3,0,1
BRDA:439,4,0,1
BRDA:443,5,0,34
BRDA:447,6,0,1
BRDA:459,7,0,3
BRDA:464,8,0,1
BRDA:469,9,0,1
BRDA:474,10,0,6
BRDA:480,11,0,18
BRDA:486,12,0,3
BRDA:506,13,0,134
BRDA:513,14,0,0
BRDA:516,15,0,134
BRDA:523,16,0,0
BRDA:526,17,0,261
BRDA:530,18,0,1
BRDA:535,19,0,1
BRDA:540,20,0,1
BRDA:545,21,0,2
BRDA:546,22,0,0
BRDA:551,23,0,1
BRDA:579,24,0,0
BRDA:581,25,0,0
BRDA:554,26,0,1
BRDA:592,27,0,2
BRDA:593,28,0,0
BRDA:598,29,0,1
BRDA:626,30,0,0
BRDA:628,31,0,0
BRDA:601,32,0,1
BRDA:639,33,0,1
BRDA:648,34,0,1
BRDA:649,35,0,0
BRDA:655,36,0,28
BRDA:42,37,0,28
BRDA:116,38,0,35
BRDA:122,39,0,31
BRDA:129,40,0,28
BRDA:130,41,0,0
BRDA:261,42,0,2
BRDA:283,43,0,2
BRDA:324,44,0,0
BRDA:331,45,0,3
BRDA:342,46,0,3
BRDA:358,47,0,3
BRDA:370,48,0,3
BRDA:145,49,0,16
BRDA:149,50,0,9
BRDA:149,51,0,81
BRDA:153,52,0,25
BRDA:158,53,0,25
BRDA:192,54,0,25
BRDA:214,55,0,25
BRDA:229,56,0,15
BRDA:229,57,0,9
BRDA:240,58,0,15
BRDA:240,59,0,9
BRF:60
BRH:49
end_of_record
TN:
SF:src\pages\LoginPage.vue
FN:148,handleLogin
FN:197,forgotPassword
FN:201,signUp
FN:30,__vite_ssr_import_5__.createElementVNode.__vite_ssr_import_5__.createVNode.onUpdate:modelValue._cache.<computed>._cache.<computed>
FN:37,__vite_ssr_import_5__.createElementVNode.__vite_ssr_import_5__.createVNode.rules
FN:48,__vite_ssr_import_5__.createElementVNode.__vite_ssr_import_5__.createVNode.onUpdate:modelValue._cache.<computed>._cache.<computed>
FN:55,__vite_ssr_import_5__.createElementVNode.__vite_ssr_import_5__.createVNode.rules
FN:64,__vite_ssr_import_5__.createVNode.onClick._cache.<computed>._cache.<computed>
FN:73,__vite_ssr_import_5__.createElementVNode.__vite_ssr_import_5__.createVNode.onUpdate:modelValue._cache.<computed>._cache.<computed>
FNF:9
FNH:7
FNDA:18,handleLogin
FNDA:1,forgotPassword
FNDA:1,signUp
FNDA:10,__vite_ssr_import_5__.createElementVNode.__vite_ssr_import_5__.createVNode.onUpdate:modelValue._cache.<computed>._cache.<computed>
FNDA:0,__vite_ssr_import_5__.createElementVNode.__vite_ssr_import_5__.createVNode.rules
FNDA:10,__vite_ssr_import_5__.createElementVNode.__vite_ssr_import_5__.createVNode.onUpdate:modelValue._cache.<computed>._cache.<computed>
FNDA:0,__vite_ssr_import_5__.createElementVNode.__vite_ssr_import_5__.createVNode.rules
FNDA:1,__vite_ssr_import_5__.createVNode.onClick._cache.<computed>._cache.<computed>
FNDA:2,__vite_ssr_import_5__.createElementVNode.__vite_ssr_import_5__.createVNode.onUpdate:modelValue._cache.<computed>._cache.<computed>
DA:1,1
DA:2,1
DA:3,1
DA:4,1
DA:5,1
DA:6,1
DA:7,1
DA:8,1
DA:9,1
DA:10,1
DA:11,1
DA:12,1
DA:13,1
DA:14,1
DA:16,1
DA:17,1
DA:18,1
DA:19,1
DA:20,1
DA:21,1
DA:22,1
DA:23,1
DA:24,1
DA:25,1
DA:27,1
DA:28,1
DA:29,1
DA:30,1
DA:31,1
DA:32,1
DA:33,1
DA:34,1
DA:35,1
DA:36,1
DA:37,1
DA:38,1
DA:40,1
DA:41,1
DA:43,1
DA:44,1
DA:46,1
DA:47,1
DA:48,1
DA:49,1
DA:50,1
DA:51,1
DA:52,1
DA:53,1
DA:54,1
DA:55,1
DA:56,1
DA:58,1
DA:59,1
DA:61,1
DA:62,1
DA:63,1
DA:64,1
DA:65,1
DA:66,1
DA:68,1
DA:69,1
DA:71,1
DA:72,1
DA:73,1
DA:74,1
DA:75,1
DA:76,1
DA:77,1
DA:78,1
DA:79,1
DA:80,1
DA:81,1
DA:82,1
DA:83,1
DA:84,1
DA:85,1
DA:87,1
DA:88,1
DA:89,1
DA:90,1
DA:91,1
DA:92,1
DA:93,1
DA:94,1
DA:95,1
DA:96,1
DA:97,1
DA:99,1
DA:100,1
DA:101,1
DA:103,1
DA:104,1
DA:105,1
DA:106,1
DA:107,1
DA:108,1
DA:109,1
DA:110,1
DA:111,1
DA:112,1
DA:113,1
DA:114,1
DA:115,1
DA:116,1
DA:117,1
DA:121,1
DA:122,1
DA:123,1
DA:124,1
DA:126,1
DA:127,1
DA:128,1
DA:129,1
DA:130,1
DA:132,1
DA:133,1
DA:148,18
DA:149,18
DA:150,2
DA:151,2
DA:152,2
DA:153,2
DA:154,2
DA:155,2
DA:156,2
DA:158,16
DA:160,16
DA:161,16
DA:162,16
DA:163,16
DA:164,16
DA:166,12
DA:167,12
DA:168,12
DA:169,12
DA:170,12
DA:171,12
DA:173,12
DA:174,12
DA:175,12
DA:176,12
DA:177,12
DA:180,12
DA:181,18
DA:183,18
DA:184,4
DA:185,2
DA:186,2
DA:187,4
DA:188,4
DA:189,4
DA:190,4
DA:191,4
DA:192,18
DA:193,16
DA:194,16
DA:195,18
DA:197,1
DA:198,1
DA:199,1
DA:201,1
DA:202,1
DA:203,1
LF:163
LH:163
BRDA:148,0,0,18
BRDA:149,1,0,16
BRDA:149,2,0,2
BRDA:156,3,0,16
BRDA:164,4,0,12
BRDA:181,5,0,8
BRDA:181,6,0,12
BRDA:183,7,0,4
BRDA:184,8,0,2
BRDA:185,9,0,0
BRDA:185,10,0,2
BRDA:192,11,0,16
BRDA:197,12,0,1
BRDA:201,13,0,1
BRDA:30,14,0,27
BRDA:48,15,0,27
BRDA:50,16,0,1
BRDA:50,17,0,63
BRDA:73,18,0,27
BRDA:30,19,0,10
BRDA:48,20,0,10
BRDA:64,21,0,27
BRDA:64,22,0,1
BRDA:73,23,0,2
BRF:24
BRH:23
end_of_record
TN:
SF:src\pages\PackageDetailsPage.vue
FN:1487,formatter
FN:1614,formatter
FN:1638,formatter
FN:1670,loadPackageDetails
FN:1732,loadPackageBugs
FN:1743,goBack
FN:1747,viewScenario
FN:1751,goToCreateScenario
FN:1755,editPackage
FN:1781,loadCurrentUser
FN:1791,handleApprovePackageWhenAllScenariosApproved
FN:1833,confirmDelete
FN:1837,savePackage
FN:1873,deletePackage
FN:1900,executeScenario
FN:1904,editScenario
FN:1917,saveScenarioEdits
FN:1948,duplicateScenario
FN:1971,confirmDeleteScenario
FN:1976,deleteScenario
FN:2002,viewBug
FN:2007,editBug
FN:2019,editBugFromDetails
FN:2024,saveBugEdit
FN:2080,resolveBug
FN:2117,confirmDeleteBug
FN:2122,deleteBugConfirmed
FN:2158,getBugCount
FN:2162,formatBugDescription
FN:2188,downloadBugAttachment
FN:2243,getAttachmentIcon
FN:2251,getAttachmentColor
FN:2259,getFileTypeLabel
FN:2267,formatFileSize
FN:2275,getBugSeverityColor
FN:2289,getBugStatusColor
FN:2303,getSeverityLabel
FN:2313,getStatusLabel
FN:2339,getInitials
FN:2356,getTypeColor
FN:2367,getTypeLabel
FN:2378,getPriorityColor
FN:2388,getPriorityLabel
FN:2398,getStatusColor
FN:2418,formatDate
FN:2427,loadMembers
FN:2449,handleVisibilityChange
FN:196,$setup.loading.__vite_ssr_import_10__.createElementBlock.__vite_ssr_import_10__.createElementVNode.__vite_ssr_import_10__.createVNode.onUpdate:modelValue._cache.<computed>._cache.<computed>
FN:210,$setup.loading.__vite_ssr_import_10__.createElementBlock.__vite_ssr_import_10__.createElementVNode.__vite_ssr_import_10__.createVNode.onUpdate:modelValue._cache.<computed>._cache.<computed>
FN:246,onClick
FN:401,__vite_ssr_import_10__.createElementVNode.$setup.bugs.length.__vite_ssr_import_10__.createElementBlock.__vite_ssr_import_10__.createVNode.onUpdate:modelValue._cache.<computed>._cache.<computed>
FN:411,__vite_ssr_import_10__.createElementVNode.$setup.bugs.length.__vite_ssr_import_10__.createElementBlock.__vite_ssr_import_10__.createVNode.onUpdate:modelValue._cache.<computed>._cache.<computed>
FN:440,onClick
FN:475,onClick
FN:484,onClick
FN:494,onClick
FN:517,__vite_ssr_import_10__.createVNode.onUpdate:modelValue._cache.<computed>._cache.<computed>
FN:525,__vite_ssr_import_10__.createVNode.onClick._cache.<computed>._cache.<computed>
FN:534,__vite_ssr_import_10__.createElementVNode.__vite_ssr_import_10__.createVNode.onUpdate:modelValue._cache.<computed>._cache.<computed>
FN:537,__vite_ssr_import_10__.createElementVNode.__vite_ssr_import_10__.createVNode.rules
FN:546,__vite_ssr_import_10__.createElementVNode.__vite_ssr_import_10__.createVNode.onUpdate:modelValue._cache.<computed>._cache.<computed>
FN:559,__vite_ssr_import_10__.createElementVNode.__vite_ssr_import_10__.createVNode.onUpdate:modelValue._cache.<computed>._cache.<computed>
FN:578,__vite_ssr_import_10__.createElementVNode.__vite_ssr_import_10__.createVNode.onUpdate:modelValue._cache.<computed>._cache.<computed>
FN:596,__vite_ssr_import_10__.createElementVNode.__vite_ssr_import_10__.createVNode.onUpdate:modelValue._cache.<computed>._cache.<computed>
FN:615,__vite_ssr_import_10__.createElementVNode.__vite_ssr_import_10__.createVNode.onUpdate:modelValue._cache.<computed>._cache.<computed>
FN:627,__vite_ssr_import_10__.createElementVNode.__vite_ssr_import_10__.createVNode.onUpdate:modelValue._cache.<computed>._cache.<computed>
FN:650,__vite_ssr_import_10__.createVNode.onClick._cache.<computed>._cache.<computed>
FN:664,__vite_ssr_import_10__.createVNode.onUpdate:modelValue._cache.<computed>._cache.<computed>
FN:672,__vite_ssr_import_10__.createVNode.onClick._cache.<computed>._cache.<computed>
FN:694,__vite_ssr_import_10__.createVNode.onClick._cache.<computed>._cache.<computed>
FN:708,__vite_ssr_import_10__.createVNode.onUpdate:modelValue._cache.<computed>._cache.<computed>
FN:808,__vite_ssr_import_10__.createVNode.onUpdate:modelValue._cache.<computed>._cache.<computed>
FN:852,__vite_ssr_import_10__.createVNode.onUpdate:modelValue._cache.<computed>._cache.<computed>
[...]
FNDA:0,__vite_ssr_import_5__.createVNode.onUpdate:modelValue._cache.<computed>._cache.<computed>
FNDA:0,__vite_ssr_import_5__.createVNode.onClick._cache.<computed>._cache.<computed>
FNDA:0,__vite_ssr_import_5__.createVNode.onClick._cache.<computed>._cache.<computed>
FNDA:0,__vite_ssr_import_5__.createVNode.onUpdate:modelValue._cache.<computed>._cache.<computed>
DA:1,1
DA:2,1
DA:3,1
DA:4,26
DA:6,1
DA:7,1
DA:8,1
DA:9,1
DA:10,1
DA:11,1
DA:12,1
DA:13,1
DA:14,1
DA:15,1
DA:16,1
DA:17,1
DA:19,1
DA:20,1
DA:22,1
DA:23,1
DA:24,1
DA:25,1
DA:26,1
DA:27,1
DA:28,1
DA:29,1
DA:31,1
DA:32,1
DA:33,1
DA:34,1
DA:35,1
DA:36,1
DA:37,1
DA:38,1
DA:39,1
DA:40,1
DA:41,1
DA:42,1
DA:44,1
DA:45,1
DA:46,1
DA:47,1
DA:48,1
DA:49,1
DA:50,1
DA:51,1
DA:52,1
DA:53,1
DA:55,1
DA:56,1
DA:58,1
DA:59,1
DA:61,1
DA:62,1
DA:64,1
DA:65,1
DA:66,1
DA:67,1
DA:68,1
DA:69,1
DA:70,1
DA:71,1
DA:72,1
DA:73,1
DA:74,1
DA:75,1
DA:76,1
DA:77,1
DA:78,1
DA:79,1
DA:80,1
DA:81,1
DA:82,1
DA:84,1
DA:85,1
DA:86,1
DA:87,1
DA:88,1
DA:89,1
DA:91,1
DA:92,1
DA:93,1
DA:94,1
DA:95,1
DA:96,1
DA:97,1
DA:99,1
DA:100,1
DA:101,1
DA:102,1
DA:103,1
DA:104,1
DA:105,1
DA:106,1
DA:107,1
DA:108,1
DA:109,1
DA:111,1
DA:112,1
DA:113,1
DA:114,1
DA:116,1
DA:117,56
DA:118,1
DA:119,1
DA:120,1
DA:121,1
DA:123,1
DA:124,1
DA:125,1
DA:126,1
DA:127,1
DA:128,1
DA:129,1
DA:130,1
DA:131,1
DA:132,1
DA:133,1
DA:134,1
DA:135,1
DA:136,1
DA:137,1
DA:138,1
DA:140,1
DA:141,1
DA:142,1
DA:143,1
DA:144,1
DA:145,1
DA:146,1
DA:147,1
DA:148,1
DA:149,1
DA:150,1
DA:151,1
DA:152,1
DA:153,1
DA:154,1
DA:155,1
DA:156,1
DA:157,1
DA:158,1
DA:159,1
DA:160,1
DA:161,1
DA:162,1
DA:163,1
DA:164,1
DA:165,1
DA:167,1
DA:168,1
DA:169,1
DA:170,1
DA:171,1
DA:172,1
DA:173,1
DA:174,1
DA:175,1
DA:177,1
DA:178,1
DA:179,30
DA:180,30
DA:181,1
DA:183,1
DA:184,1
DA:185,1
DA:186,1
DA:187,1
DA:188,1
DA:189,1
DA:190,1
DA:191,1
DA:192,1
DA:193,1
DA:195,1
DA:196,1
DA:197,1
DA:198,1
DA:199,1
DA:200,1
DA:202,1
DA:203,1
DA:204,1
DA:205,1
DA:206,1
DA:207,1
DA:208,1
DA:209,1
DA:210,1
DA:211,1
DA:212,1
DA:213,1
DA:214,1
DA:215,1
DA:216,1
DA:217,1
DA:219,1
DA:220,1
DA:221,1
DA:222,1
DA:223,1
DA:224,1
DA:225,1
DA:226,1
DA:227,1
DA:229,1
DA:230,1
DA:231,1
DA:232,1
DA:233,1
DA:234,1
DA:235,1
DA:236,1
DA:237,1
DA:238,1
DA:239,1
DA:240,1
DA:241,1
DA:242,1
DA:246,1
DA:247,1
DA:248,1
DA:249,1
DA:257,1
DA:258,1
DA:259,1
DA:262,1
DA:263,1
DA:264,1
DA:265,1
DA:266,1
DA:267,1
DA:268,1
DA:271,1
DA:272,1
DA:273,1
DA:274,1
DA:277,1
DA:278,1
DA:279,1
DA:282,1
DA:283,1
DA:284,1
DA:285,1
DA:287,1
DA:288,1
DA:289,1
DA:290,1
DA:292,1
DA:294,1
DA:295,1
DA:298,1
DA:299,1
DA:300,1
DA:301,1
DA:302,1
DA:304,1
DA:305,1
DA:306,1
DA:308,1
DA:310,1
DA:311,1
DA:312,1
DA:313,1
DA:314,1
DA:316,2
DA:317,2
DA:319,2
DA:320,2
DA:321,2
DA:322,2
DA:323,1
DA:324,1
DA:325,1
DA:326,1
DA:327,1
DA:328,1
DA:329,1
DA:330,1
DA:331,1
DA:332,1
DA:333,1
DA:334,1
DA:335,1
DA:336,2
DA:337,2
DA:338,2
DA:339,2
DA:340,2
DA:341,2
DA:344,30
DA:345,30
DA:346,30
DA:347,30
DA:349,30
DA:350,2
DA:351,2
DA:353,30
DA:354,30
DA:357,30
DA:358,30
DA:359,30
DA:360,30
DA:361,1
DA:362,1
DA:363,1
DA:364,1
DA:365,1
DA:366,1
DA:367,30
DA:368,28
DA:369,28
DA:370,30
DA:373,1
DA:375,3
DA:376,3
DA:377,1
DA:378,1
DA:380,3
DA:381,1
DA:382,1
DA:383,1
DA:384,1
DA:386,2
DA:387,2
DA:388,2
DA:389,2
DA:390,3
DA:393,58
DA:394,58
DA:395,58
DA:396,58
DA:397,58
DA:398,58
DA:399,58
DA:400,58
DA:402,61
DA:403,61
DA:404,61
DA:405,61
DA:406,61
DA:407,61
DA:408,61
DA:409,61
DA:410,61
DA:412,61
DA:413,61
DA:414,61
DA:415,61
DA:416,61
DA:417,61
DA:418,61
DA:419,61
DA:420,61
DA:421,61
DA:422,61
DA:424,61
DA:425,61
DA:426,61
DA:427,61
DA:428,61
DA:429,61
DA:430,61
DA:431,61
DA:432,61
DA:433,61
DA:434,61
DA:436,61
DA:437,61
DA:438,61
DA:439,61
DA:440,61
DA:441,61
DA:442,61
DA:443,61
DA:444,61
DA:446,61
DA:447,61
DA:448,61
DA:449,61
DA:450,61
DA:451,61
DA:452,61
DA:453,61
DA:454,61
DA:457,1
DA:459,26
DA:463,26
DA:464,26
DA:465,26
DA:466,25
DA:467,25
DA:468,26
DA:469,1
DA:470,1
DA:472,26
DA:473,1
LF:397
LH:397
BRDA:282,0,0,1
BRDA:283,1,0,0
BRDA:287,2,0,1
BRDA:288,3,0,0
BRDA:292,4,0,1
BRDA:298,5,0,1
BRDA:304,6,0,1
BRDA:310,7,0,1
BRDA:316,8,0,2
BRDA:317,9,0,0
BRDA:321,10,0,0
BRDA:322,11,0,1
BRDA:344,12,0,30
BRDA:349,13,0,2
BRDA:349,14,0,2
BRDA:353,15,0,0
BRDA:354,16,0,27
BRDA:357,17,0,0
BRDA:360,18,0,1
BRDA:367,19,0,28
BRDA:375,20,0,3
BRDA:376,21,0,1
BRDA:380,22,0,2
BRDA:380,23,0,1
BRDA:384,24,0,2
BRDA:386,25,0,2
BRDA:393,26,0,58
BRDA:402,27,0,61
BRDA:409,28,0,0
BRDA:412,29,0,61
BRDA:421,30,0,0
BRDA:424,31,0,61
BRDA:433,32,0,0
BRDA:436,33,0,61
BRDA:443,34,0,0
BRDA:446,35,0,61
BRDA:453,36,0,0
BRDA:457,37,0,26
BRDA:463,38,0,0
BRDA:464,39,0,25
BRDA:465,40,0,25
BRDA:468,41,0,1
BRDA:3,42,0,26
BRDA:47,43,0,26
BRDA:70,44,0,26
BRDA:71,45,0,0
BRDA:178,46,0,30
BRDA:180,47,0,26
BRDA:180,48,0,58
BRDA:197,49,0,26
BRDA:198,50,0,87
BRDA:220,51,0,26
BRDA:19,52,0,26
BRDA:56,53,0,88
BRDA:116,54,0,56
BRDA:117,55,0,1
BRDA:155,56,0,0
BRDA:163,57,0,0
BRDA:169,58,0,0
BRDA:95,59,0,57
BRDA:111,60,0,57
BRDA:111,61,0,23
BRDA:205,62,0,1
BRDA:207,63,0,1
BRDA:212,64,0,1
BRDA:214,65,0,1
BRDA:223,66,0,1
BRDA:227,67,0,1
BRF:68
BRH:52
end_of_record
TN:
SF:src\router\index.ts
FN:5,isLoggedIn
FN:9,__vite_ssr_exports__.default
FN:15,scrollBehavior
FNF:3
FNH:3
FNDA:21,isLoggedIn
FNDA:19,__vite_ssr_exports__.default
FNDA:14,scrollBehavior
DA:1,1
DA:2,1
DA:3,1
DA:5,21
DA:6,21
DA:7,21
DA:9,19
DA:10,19
DA:11,1
DA:12,18
DA:14,19
DA:15,19
DA:16,19
DA:17,19
DA:18,19
DA:20,19
DA:21,21
DA:24,21
DA:25,4
DA:26,4
DA:29,17
DA:30,21
DA:31,4
DA:32,4
DA:33,19
DA:35,19
DA:36,19
LF:27
LH:27
BRDA:5,0,0,21
BRDA:9,1,0,19
BRDA:10,2,0,1
BRDA:11,3,0,18
BRDA:12,4,0,14
BRDA:12,5,0,4
BRDA:15,6,0,14
BRDA:20,7,0,21
BRDA:24,8,0,11
BRDA:24,9,0,4
BRDA:26,10,0,17
BRDA:30,11,0,11
BRDA:30,12,0,4
BRF:13
BRH:13
end_of_record
TN:
SF:src\router\routes.ts
FN:6,component
FN:11,component
FN:12,component
FN:13,component
FN:14,component
FN:17,component
FN:20,component
FN:23,component
FN:24,component
FN:25,component
FN:26,component
FN:27,component
FN:28,component
FN:31,component
FN:32,component
FN:33,component
FN:34,component
FN:35,component
FN:36,component
FN:37,component
FN:40,component
FN:44,component
FNF:22
FNH:4
FNDA:13,component
FNDA:6,component
FNDA:0,component
FNDA:0,component
FNDA:0,component
FNDA:6,component
FNDA:0,component
FNDA:0,component
FNDA:0,component
FNDA:0,component
FNDA:1,component
FNDA:0,component
FNDA:0,component
FNDA:0,component
FNDA:0,component
FNDA:0,component
FNDA:0,component
FNDA:0,component
FNDA:0,component
FNDA:0,component
FNDA:0,component
FNDA:0,component
DA:3,1
DA:4,1
DA:5,1
DA:6,1
DA:7,1
DA:8,1
DA:11,1
DA:12,1
DA:13,1
DA:14,1
DA:17,1
DA:20,1
DA:23,1
DA:24,1
DA:25,1
DA:26,1
DA:27,1
DA:28,1
DA:31,1
DA:32,1
DA:33,1
DA:34,1
DA:35,1
DA:36,1
DA:37,1
DA:40,1
DA:41,1
DA:42,1
DA:44,1
DA:45,1
DA:47,1
LF:31
LH:31
BRDA:6,0,0,13
BRDA:11,1,0,6
BRDA:17,2,0,6
BRDA:26,3,0,1
BRF:4
BRH:4
end_of_record
TN:
SF:src\services\api.ts
FN:4,getApiUrl
FN:42,api.interceptors.response.use.error.message
FNF:2
FNH:1
FNDA:19,getApiUrl
FNDA:0,api.interceptors.response.use.error.message
DA:1,1
DA:4,1
DA:6,19
DA:8,19
DA:9,19
DA:11,1
DA:12,1
DA:13,1
DA:14,1
DA:20,1
DA:21,3
DA:22,3
DA:23,3
DA:24,2
DA:25,2
DA:26,3
DA:27,3
DA:30,3
DA:31,2
DA:32,0
DA:33,0
DA:34,2
DA:35,2
DA:37,3
DA:38,3
DA:41,1
DA:42,1
DA:43,1
DA:45,7
DA:46,3
DA:47,1
DA:48,3
DA:49,1
DA:50,1
DA:51,1
DA:52,1
DA:53,3
DA:56,7
DA:57,4
DA:59,4
DA:60,2
DA:62,2
DA:63,2
DA:64,2
DA:67,1
DA:70,1
DA:71,1
DA:72,1
DA:73,2
DA:75,2
DA:76,2
DA:77,2
DA:80,2
DA:81,2
DA:82,2
DA:83,2
DA:84,2
DA:86,2
DA:87,2
DA:88,2
DA:90,2
DA:91,1
DA:92,1
DA:93,2
DA:94,4
DA:96,7
DA:97,7
DA:98,1
DA:100,1
LF:69
LH:67
BRDA:4,0,0,19
BRDA:20,1,0,3
BRDA:23,2,0,2
BRDA:30,3,0,2
BRDA:31,4,0,0
BRDA:43,5,0,7
BRDA:45,6,0,3
BRDA:46,7,0,1
BRDA:48,8,0,2
BRDA:48,9,0,1
BRDA:56,10,0,4
BRDA:56,11,0,4
BRDA:59,12,0,2
BRDA:64,13,0,1
BRDA:90,14,0,1
BRDA:96,15,0,0
BRF:16
BRH:14
end_of_record
TN:
SF:src\services\ect.service.ts
FN:11,generateECT
FN:34,downloadReport
FN:86,approveReport
FN:109,rejectReport
FNF:4
FNH:4
FNDA:4,generateECT
FNDA:6,downloadReport
FNDA:5,approveReport
FNDA:4,rejectReport
DA:1,1
DA:9,1
DA:11,1
DA:12,4
DA:13,4
DA:14,4
DA:15,1
DA:16,1
DA:17,4
DA:18,3
DA:26,3
DA:27,2
DA:28,1
DA:29,3
DA:30,3
DA:31,4
DA:34,1
DA:35,6
DA:36,6
DA:37,6
DA:38,6
DA:39,6
DA:42,3
DA:43,3
DA:46,3
DA:47,3
DA:50,3
DA:51,3
DA:53,6
DA:54,2
DA:55,2
DA:56,2
DA:57,2
DA:58,2
DA:60,3
DA:61,3
DA:62,3
DA:63,3
DA:66,3
DA:68,3
DA:69,3
DA:70,3
DA:78,3
DA:79,2
DA:80,1
DA:81,3
DA:82,3
DA:83,6
DA:86,1
DA:87,5
DA:88,5
DA:89,5
DA:90,2
DA:91,2
DA:92,5
DA:93,3
DA:101,3
DA:102,2
DA:103,1
DA:104,3
DA:105,3
DA:106,5
DA:109,1
DA:110,4
DA:111,4
DA:112,4
DA:113,1
DA:114,1
DA:115,4
DA:116,3
DA:124,3
DA:125,2
DA:126,1
DA:127,3
DA:128,3
DA:129,4
DA:130,1
LF:77
LH:77
BRDA:11,0,0,4
BRDA:14,1,0,1
BRDA:17,2,0,3
BRDA:26,3,0,2
BRDA:27,4,0,1
BRDA:29,5,0,2
BRDA:29,6,0,2
BRDA:34,7,0,6
BRDA:39,8,0,3
BRDA:53,9,0,2
BRDA:58,10,0,3
BRDA:78,11,0,2
BRDA:79,12,0,1
BRDA:81,13,0,2
BRDA:81,14,0,2
BRDA:86,15,0,5
BRDA:89,16,0,2
BRDA:92,17,0,3
BRDA:101,18,0,2
BRDA:102,19,0,1
BRDA:104,20,0,2
BRDA:104,21,0,2
BRDA:109,22,0,4
BRDA:112,23,0,1
BRDA:115,24,0,3
BRDA:124,25,0,2
BRDA:125,26,0,1
BRDA:127,27,0,2
BRDA:127,28,0,2
BRF:29
BRH:29
end_of_record
TN:
SF:src\services\execution.service.ts
FN:66,addStepComment
FN:74,getStepComments
FN:80,uploadStepAttachment
FN:92,getStepAttachments
FN:97,deleteStepAttachment
FN:102,createBug
FN:115,getBugs
FN:120,getPackageBugs
FN:125,updateBug
FN:130,deleteBug
FN:135,uploadBugAttachment
FN:148,updateStepStatus
FN:157,registerHistory
FN:171,getHistory
FNF:14
FNH:14
FNDA:2,addStepComment
FNDA:1,getStepComments
FNDA:1,uploadStepAttachment
FNDA:1,getStepAttachments
FNDA:1,deleteStepAttachment
FNDA:1,createBug
FNDA:1,getBugs
FNDA:1,getPackageBugs
FNDA:1,updateBug
FNDA:1,deleteBug
FNDA:1,uploadBugAttachment
FNDA:2,updateStepStatus
FNDA:2,registerHistory
FNDA:1,getHistory
DA:1,1
DA:64,1
DA:66,1
DA:67,2
DA:68,2
DA:69,2
DA:70,2
DA:71,2
DA:72,2
DA:74,1
DA:75,1
DA:76,1
DA:77,1
DA:80,1
DA:81,1
DA:82,1
DA:84,1
DA:85,1
DA:86,1
DA:87,1
DA:88,1
DA:89,1
DA:90,1
DA:92,1
DA:93,1
DA:94,1
DA:95,1
DA:97,1
DA:98,1
DA:99,1
DA:102,1
DA:103,1
DA:104,1
DA:110,1
DA:111,1
DA:112,1
DA:113,1
DA:115,1
DA:116,1
DA:117,1
DA:118,1
DA:120,1
DA:121,1
DA:122,1
DA:123,1
DA:125,1
DA:126,1
DA:127,1
DA:128,1
DA:130,1
DA:131,1
DA:132,1
DA:135,1
DA:136,1
DA:137,1
DA:139,1
DA:140,1
DA:141,1
DA:142,1
DA:143,1
DA:144,1
DA:145,1
DA:148,1
DA:149,2
DA:150,2
DA:151,2
DA:152,2
DA:153,2
DA:154,2
DA:157,1
DA:158,2
DA:159,2
DA:160,2
DA:161,2
DA:162,2
DA:163,2
DA:164,2
DA:165,2
DA:166,2
DA:167,2
DA:168,2
DA:169,2
DA:171,1
DA:172,1
DA:173,1
DA:174,1
DA:175,1
DA:177,1
LF:88
LH:88
BRDA:66,0,0,2
BRDA:74,1,0,1
BRDA:80,2,0,1
BRDA:92,3,0,1
BRDA:97,4,0,1
BRDA:102,5,0,1
BRDA:115,6,0,1
BRDA:120,7,0,1
BRDA:125,8,0,1
BRDA:130,9,0,1
BRDA:135,10,0,1
BRDA:148,11,0,2
BRDA:157,12,0,2
BRDA:171,13,0,1
BRF:14
BRH:14
end_of_record
TN:
SF:src\services\invite.service.ts
FN:64,listUserInvites
FN:96,acceptInvite
FN:104,declineInvite
FN:112,acceptInviteById
FN:123,declineInviteById
FNF:5
FNH:5
FNDA:6,listUserInvites
FNDA:1,acceptInvite
FNDA:1,declineInvite
FNDA:1,acceptInviteById
FNDA:1,declineInviteById
DA:1,1
DA:60,1
DA:64,1
DA:65,6
DA:67,6
DA:68,2
DA:69,2
DA:70,6
DA:71,2
DA:72,2
DA:73,6
DA:74,2
DA:75,2
DA:76,6
DA:77,2
DA:78,2
DA:79,6
DA:80,2
DA:81,2
DA:82,6
DA:83,2
DA:84,2
DA:86,6
DA:87,6
DA:89,6
DA:90,6
DA:91,6
DA:96,1
DA:97,1
DA:98,1
DA:99,1
DA:104,1
DA:105,1
DA:106,1
DA:107,1
DA:112,1
DA:117,1
DA:118,1
DA:123,1
DA:128,1
DA:129,1
DA:130,1
DA:132,1
LF:43
LH:43
BRDA:64,0,0,6
BRDA:67,1,0,2
BRDA:67,2,0,2
BRDA:70,3,0,2
BRDA:73,4,0,2
BRDA:76,5,0,2
BRDA:79,6,0,2
BRDA:82,7,0,2
BRDA:87,8,0,5
BRDA:87,9,0,1
BRDA:96,10,0,1
BRDA:104,11,0,1
BRDA:112,12,0,1
BRDA:123,13,0,1
BRF:14
BRH:14
end_of_record
TN:
SF:src\services\package.service.ts
FN:80,getPackageDetails
FN:88,getProjectPackages
FN:97,createPackage
FN:115,updatePackage
FN:134,deletePackage
FN:141,executePackage
FN:150,approvePackage
FN:160,rejectPackage
FN:175,sendPackageToTest
FNF:9
FNH:9
FNDA:1,getPackageDetails
FNDA:2,getProjectPackages
FNDA:2,createPackage
FNDA:2,updatePackage
FNDA:1,deletePackage
FNDA:1,executePackage
FNDA:1,approvePackage
FNDA:1,rejectPackage
FNDA:1,sendPackageToTest
DA:1,1
DA:76,1
DA:80,1
DA:81,1
DA:82,1
DA:83,1
DA:88,1
DA:89,2
DA:90,2
DA:91,2
DA:92,2
DA:97,1
DA:107,2
DA:108,2
DA:109,2
DA:110,2
DA:115,1
DA:126,2
DA:127,2
DA:128,2
DA:129,2
DA:134,1
DA:135,1
DA:136,1
DA:141,1
DA:144,1
DA:145,1
DA:150,1
DA:151,1
DA:152,1
DA:153,1
DA:154,1
DA:155,1
DA:160,1
DA:161,1
DA:162,1
DA:163,1
DA:164,1
DA:165,1
DA:166,1
DA:167,1
DA:168,1
DA:169,1
DA:170,1
DA:175,1
DA:176,1
DA:177,1
DA:178,1
DA:179,1
DA:180,1
DA:181,1
DA:183,1
DA:186,1
DA:187,1
DA:188,1
DA:189,1
DA:190,1
DA:191,1
LF:58
LH:58
BRDA:80,0,0,1
BRDA:88,1,0,2
BRDA:89,2,0,1
BRDA:89,3,0,1
BRDA:97,4,0,2
BRDA:115,5,0,2
BRDA:134,6,0,1
BRDA:141,7,0,1
BRDA:150,8,0,1
BRDA:160,9,0,1
BRDA:175,10,0,1
BRF:11
BRH:11
end_of_record
TN:
SF:src\services\project-details.service.ts
FN:148,getProjectDetails
FN:150,filteredTestPackages
FN:197,createTestPackage
FN:199,newTestPackage
FN:237,getProjectMembers
FN:262,getAvailableReleases
FNF:6
FNH:6
FNDA:5,getProjectDetails
FNDA:2,filteredTestPackages
FNDA:3,createTestPackage
FNDA:1,newTestPackage
FNDA:7,getProjectMembers
FNDA:4,getAvailableReleases
DA:1,1
DA:4,1
DA:58,1
DA:59,1
DA:60,1
DA:61,1
DA:62,1
DA:63,1
DA:64,1
DA:65,1
DA:66,1
DA:67,1
DA:68,1
DA:69,1
DA:70,1
DA:71,1
DA:72,1
DA:73,1
DA:74,1
DA:75,1
DA:76,1
DA:77,1
DA:78,1
DA:79,1
DA:80,1
DA:81,1
DA:82,1
DA:83,1
DA:84,1
DA:85,1
DA:86,1
DA:87,1
DA:88,1
DA:89,1
DA:90,1
DA:92,1
DA:93,1
DA:94,1
DA:95,1
DA:96,1
DA:97,1
DA:98,1
DA:99,1
DA:100,1
DA:101,1
DA:102,1
DA:103,1
DA:104,1
DA:105,1
DA:106,1
DA:107,1
DA:108,1
DA:109,1
DA:110,1
DA:111,1
DA:112,1
DA:113,1
DA:114,1
DA:115,1
DA:116,1
DA:117,1
DA:118,1
DA:119,1
DA:120,1
DA:121,1
DA:122,1
DA:123,1
DA:124,1
DA:125,1
DA:126,1
DA:127,1
DA:128,1
DA:129,1
DA:130,1
DA:131,1
DA:133,1
DA:134,1
DA:135,1
DA:136,1
DA:137,1
DA:138,1
DA:140,1
DA:141,1
DA:142,1
DA:143,1
DA:144,1
DA:145,1
DA:148,5
DA:149,5
DA:150,2
DA:152,2
DA:153,1
DA:154,1
DA:156,2
DA:157,1
DA:158,1
DA:159,1
DA:160,1
DA:161,1
DA:162,1
DA:163,1
DA:165,2
DA:166,2
DA:167,2
DA:168,2
DA:169,2
DA:170,2
DA:171,2
DA:172,2
DA:173,2
DA:174,2
DA:175,2
DA:176,2
DA:177,2
DA:178,2
DA:181,3
DA:182,3
DA:183,3
DA:184,3
DA:185,2
DA:186,2
DA:187,3
DA:188,1
DA:189,1
DA:190,1
DA:191,5
DA:197,3
DA:198,3
DA:199,1
DA:201,1
DA:202,1
DA:203,1
DA:204,1
DA:205,1
DA:206,1
DA:207,1
DA:209,1
DA:210,1
DA:211,1
DA:214,2
DA:215,1
DA:216,1
DA:237,7
DA:238,7
DA:239,1
DA:240,1
DA:241,1
DA:244,6
DA:247,6
DA:250,7
DA:251,7
DA:252,7
DA:253,7
DA:254,7
DA:255,7
DA:256,7
DA:257,7
DA:258,7
DA:259,7
DA:260,7
DA:262,4
DA:263,4
DA:264,1
DA:265,1
DA:266,1
DA:269,3
DA:270,2
DA:271,2
LF:168
LH:168
BRDA:4,0,0,2
BRDA:148,1,0,5
BRDA:149,2,0,2
BRDA:152,3,0,1
BRDA:153,4,0,1
BRDA:156,5,0,1
BRDA:162,6,0,1
BRDA:178,7,0,3
BRDA:184,8,0,2
BRDA:187,9,0,1
BRDA:150,10,0,2
BRDA:153,11,0,2
BRDA:159,12,0,2
BRDA:160,13,0,2
BRDA:161,14,0,2
BRDA:197,15,0,3
BRDA:198,16,0,1
BRDA:211,17,0,2
BRDA:214,18,0,1
BRDA:199,19,0,1
BRDA:237,20,0,7
BRDA:238,21,0,1
BRDA:241,22,0,6
BRDA:244,23,0,5
BRDA:247,24,0,1
BRDA:239,25,0,1
BRDA:250,26,0,7
BRDA:251,27,0,4
BRDA:251,28,0,6
BRDA:253,29,0,4
BRDA:253,30,0,3
BRDA:253,31,0,1
BRDA:254,32,0,4
BRDA:254,33,0,3
BRDA:255,34,0,4
BRDA:255,35,0,3
BRDA:257,36,0,3
BRDA:262,37,0,4
BRDA:263,38,0,1
BRDA:266,39,0,3
BRDA:269,40,0,2
BRDA:264,41,0,1
BRF:42
BRH:42
end_of_record
TN:
SF:src\services\project.service.ts
FN:34,createProject
FN:42,getProjectReleases
FN:50,getProjectMembers
FN:59,addRelease
FNF:4
FNH:4
FNDA:4,createProject
FNDA:3,getProjectReleases
FNDA:6,getProjectMembers
FNDA:6,addRelease
DA:1,1
DA:32,1
DA:34,1
DA:35,4
DA:36,4
DA:37,4
DA:38,4
DA:39,4
DA:42,1
DA:43,3
DA:44,3
DA:45,3
DA:46,3
DA:47,3
DA:50,1
DA:51,6
DA:52,6
DA:53,6
DA:54,6
DA:55,6
DA:56,6
DA:59,1
DA:60,6
DA:61,4
DA:62,4
DA:63,2
DA:64,6
DA:65,1
DA:68,1
DA:69,1
DA:70,1
DA:71,1
DA:73,1
LF:33
LH:33
BRDA:34,0,0,4
BRDA:42,1,0,3
BRDA:50,2,0,6
BRDA:55,3,0,2
BRDA:55,4,0,4
BRDA:55,5,0,1
BRDA:59,6,0,6
BRDA:60,7,0,4
BRDA:62,8,0,2
BRDA:61,9,0,16
BRF:10
BRH:10
end_of_record
TN:
SF:src\services\scenario.service.ts
FN:120,getPackageScenarios
FN:134,createScenario
FN:144,getScenarioById
FN:150,updateScenario
FN:156,deleteScenario
FN:162,executeScenario
FN:168,duplicateScenario
FN:174,uploadEvidence
FN:187,exportScenariosToCSV
FN:195,generateScenarioReport
FNF:10
FNH:10
FNDA:3,getPackageScenarios
FNDA:2,createScenario
FNDA:1,getScenarioById
FNDA:1,updateScenario
FNDA:1,deleteScenario
FNDA:2,executeScenario
FNDA:1,duplicateScenario
FNDA:1,uploadEvidence
FNDA:1,exportScenariosToCSV
FNDA:1,generateScenarioReport
DA:1,1
DA:118,1
DA:120,1
DA:121,3
DA:123,3
DA:124,8
DA:125,6
DA:126,6
DA:127,3
DA:129,3
DA:130,3
DA:131,3
DA:134,1
DA:135,2
DA:136,2
DA:137,2
DA:138,2
DA:139,2
DA:140,2
DA:141,2
DA:144,1
DA:145,1
DA:146,1
DA:147,1
DA:150,1
DA:151,1
DA:152,1
DA:153,1
DA:156,1
DA:157,1
DA:158,1
DA:159,1
DA:162,1
DA:163,2
DA:164,2
DA:165,2
DA:168,1
DA:169,1
DA:170,1
DA:171,1
DA:174,1
DA:175,1
DA:176,1
DA:178,1
DA:179,1
DA:180,1
DA:181,1
DA:182,1
DA:183,1
DA:184,1
DA:187,1
DA:188,1
DA:189,1
DA:190,1
DA:191,1
DA:192,1
DA:195,1
DA:196,1
DA:197,1
DA:198,1
DA:199,1
DA:200,1
DA:201,1
DA:203,1
LF:64
LH:64
BRDA:120,0,0,3
BRDA:123,1,0,8
BRDA:124,2,0,7
BRDA:124,3,0,7
BRDA:124,4,0,6
BRDA:134,5,0,2
BRDA:144,6,0,1
BRDA:150,7,0,1
BRDA:156,8,0,1
BRDA:162,9,0,2
BRDA:168,10,0,1
BRDA:174,11,0,1
BRDA:187,12,0,1
BRDA:195,13,0,1
BRF:14
BRH:14
end_of_record
TN:
SF:src\utils\constants.ts
FNF:0
FNH:0
DA:8,1
DA:9,1
DA:10,1
DA:11,1
DA:12,1
DA:13,1
DA:18,1
DA:19,1
DA:20,1
DA:21,1
DA:22,1
DA:23,1
DA:28,1
DA:29,1
DA:30,1
DA:31,1
DA:32,1
DA:33,1
LF:18
LH:18
BRF:0
BRH:0
end_of_record
TN:
SF:src\utils\helpers.ts
FN:10,getInitials
FN:46,formatDate
FN:79,getMemberColor
FN:89,getRoleColor
FN:105,getBugStatusColor
FN:120,getBugStatusLabel
FN:135,getScenarioTypeLabel
FN:151,getStatusTranslation
FN:166,getTypeColor
FN:183,createRequiredRule
FN:192,getOptionValue
FNF:11
FNH:11
FNDA:18,getInitials
FNDA:8,formatDate
FNDA:9,getMemberColor
FNDA:7,getRoleColor
FNDA:6,getBugStatusColor
FNDA:6,getBugStatusLabel
FNDA:7,getScenarioTypeLabel
FNDA:6,getStatusTranslation
FNDA:8,getTypeColor
FNDA:441,createRequiredRule
FNDA:94,getOptionValue
DA:10,1
DA:11,18
DA:12,15
DA:13,18
DA:15,14
DA:16,18
DA:17,14
DA:18,18
DA:21,18
DA:22,7
DA:23,5
DA:24,5
DA:25,2
DA:26,2
DA:29,7
DA:30,7
DA:31,7
DA:32,7
DA:33,7
DA:34,7
DA:37,0
DA:38,0
DA:46,1
DA:47,8
DA:49,6
DA:50,8
DA:52,8
DA:54,8
DA:55,2
DA:56,2
DA:57,2
DA:58,2
DA:59,2
DA:60,2
DA:61,2
DA:62,2
DA:64,2
DA:65,2
DA:66,2
DA:67,2
DA:68,2
DA:69,8
DA:70,1
DA:71,1
DA:72,8
DA:79,1
DA:80,9
DA:81,9
DA:82,9
DA:89,1
DA:90,7
DA:91,7
DA:92,7
DA:93,7
DA:94,7
DA:95,7
DA:96,7
DA:97,7
DA:98,7
DA:105,1
DA:106,6
DA:107,6
DA:108,6
DA:109,6
DA:110,6
DA:111,6
DA:112,6
DA:113,6
DA:120,1
DA:121,6
DA:122,6
DA:123,6
DA:124,6
DA:125,6
DA:126,6
DA:127,6
DA:128,6
DA:135,1
DA:136,7
DA:137,7
DA:138,7
DA:139,7
DA:140,7
DA:141,7
DA:142,7
DA:143,7
DA:144,7
DA:151,1
DA:152,6
DA:153,6
DA:154,6
DA:155,6
DA:156,6
DA:157,6
DA:158,6
DA:159,6
DA:166,1
DA:167,8
DA:168,6
DA:169,6
DA:170,6
DA:171,6
DA:172,6
DA:173,6
DA:174,6
DA:175,8
DA:176,8
DA:183,1
DA:184,441
DA:185,441
DA:192,1
DA:193,94
DA:194,40
DA:195,40
DA:196,40
DA:197,94
DA:198,94
LF:117
LH:115
BRDA:10,0,0,18
BRDA:11,1,0,3
BRDA:11,2,0,15
BRDA:13,3,0,1
BRDA:13,4,0,14
BRDA:16,5,0,0
BRDA:16,6,0,14
BRDA:18,7,0,0
BRDA:18,8,0,14
BRDA:21,9,0,7
BRDA:22,10,0,5
BRDA:24,11,0,2
BRDA:34,12,0,0
BRDA:12,13,0,27
BRDA:46,14,0,8
BRDA:47,15,0,2
BRDA:47,16,0,6
BRDA:50,17,0,3
BRDA:50,18,0,3
BRDA:52,19,0,2
BRDA:52,20,0,4
BRDA:54,21,0,2
BRDA:69,22,0,1
BRDA:79,23,0,9
BRDA:89,24,0,7
BRDA:97,25,0,2
BRDA:105,26,0,6
BRDA:112,27,0,2
BRDA:120,28,0,6
BRDA:127,29,0,2
BRDA:135,30,0,7
BRDA:143,31,0,2
BRDA:151,32,0,6
BRDA:158,33,0,2
BRDA:166,34,0,8
BRDA:167,35,0,2
BRDA:167,36,0,6
BRDA:175,37,0,1
BRDA:183,38,0,441
BRDA:184,39,0,6
BRDA:184,40,0,4
BRDA:192,41,0,94
BRDA:193,42,0,43
BRDA:193,43,0,41
BRDA:193,44,0,40
BRDA:196,45,0,54
BRDA:197,46,0,47
BRDA:197,47,0,7
BRF:48
BRH:45
end_of_record
